2019-12-24 16:17:02,512 [main] [,] [INFO ] - No active profile set, falling back to default profiles: default
2019-12-24 16:17:02,940 [main] [,] [INFO ] - BeanFactory id=41d420af-62dd-37a7-b50b-abe962b8f96a
2019-12-24 16:17:03,009 [main] [,] [INFO ] - Bean 'org.springframework.cloud.autoconfigure.ConfigurationPropertiesRebinderAutoConfiguration' of type [org.springframework.cloud.autoconfigure.ConfigurationPropertiesRebinderAutoConfiguration] is not eligible for getting processed by all BeanPostProcessors (for example: not eligible for auto-proxying)
2019-12-24 16:17:03,190 [main] [,] [INFO ] - Tomcat initialized with port(s): 9020 (http)
2019-12-24 16:17:03,205 [main] [,] [INFO ] - Initializing ProtocolHandler ["http-nio-9020"]
2019-12-24 16:17:03,206 [main] [,] [INFO ] - Starting service [Tomcat]
2019-12-24 16:17:03,207 [main] [,] [INFO ] - Starting Servlet engine: [Apache Tomcat/9.0.29]
2019-12-24 16:17:03,301 [main] [,] [INFO ] - Initializing Spring embedded WebApplicationContext
2019-12-24 16:17:03,301 [main] [,] [INFO ] - Root WebApplicationContext: initialization completed in 779 ms
2019-12-24 16:17:03,474 [main] [,] [INFO ] - Initializing ExecutorService 'applicationTaskExecutor'
2019-12-24 16:17:04,815 [main] [,] [WARN ] - You already have RibbonLoadBalancerClient on your classpath. It will be used by default. As Spring Cloud Ribbon is in maintenance mode. We recommend switching to BlockingLoadBalancerClient instead. In order to use it, set the value of `spring.cloud.loadbalancer.ribbon.enabled` to `false` or remove spring-cloud-starter-netflix-ribbon from your project.
2019-12-24 16:17:04,848 [main] [,] [WARN ] - Spring Cloud LoadBalancer is currently working with default default cache. You can switch to using Caffeine cache, by adding it to the classpath.
2019-12-24 16:17:04,901 [main] [,] [INFO ] - Setting initial instance status as: STARTING
2019-12-24 16:17:05,732 [main] [,] [INFO ] - Registering application LIBRARY-CORE with eureka with status UP
2019-12-24 16:17:05,742 [main] [,] [INFO ] - Starting ProtocolHandler ["http-nio-9020"]
2019-12-24 16:17:05,761 [main] [,] [INFO ] - Tomcat started on port(s): 9020 (http) with context path ''
2019-12-24 16:17:05,762 [main] [,] [INFO ] - Updating port to 9020
2019-12-24 16:17:06,148 [main] [,] [INFO ] - Started LibraryCoreApplication in 4.94 seconds (JVM running for 6.283)
2019-12-24 16:17:07,029 [main] [,] [INFO ] - No active profile set, falling back to default profiles: default
2019-12-24 16:17:07,162 [main] [,] [INFO ] - BeanFactory id=41d420af-62dd-37a7-b50b-abe962b8f96a
2019-12-24 16:17:07,174 [main] [,] [INFO ] - Bean 'org.springframework.cloud.autoconfigure.ConfigurationPropertiesRebinderAutoConfiguration' of type [org.springframework.cloud.autoconfigure.ConfigurationPropertiesRebinderAutoConfiguration] is not eligible for getting processed by all BeanPostProcessors (for example: not eligible for auto-proxying)
2019-12-24 16:17:07,188 [main] [,] [WARN ] - The MBean registry cannot be disabled because it has already been initialised
2019-12-24 16:17:07,192 [main] [,] [INFO ] - Tomcat initialized with port(s): 9020 (http)
2019-12-24 16:17:07,192 [main] [,] [INFO ] - Initializing ProtocolHandler ["http-nio-9020"]
2019-12-24 16:17:07,192 [main] [,] [INFO ] - Starting service [Tomcat]
2019-12-24 16:17:07,193 [main] [,] [INFO ] - Starting Servlet engine: [Apache Tomcat/9.0.29]
2019-12-24 16:17:07,213 [main] [,] [INFO ] - Initializing Spring embedded WebApplicationContext
2019-12-24 16:17:07,213 [main] [,] [INFO ] - Root WebApplicationContext: initialization completed in 182 ms
2019-12-24 16:17:07,222 [main] [,] [WARN ] - Netflix ConfigurationManager has already been installed, unable to re-install
2019-12-24 16:17:07,250 [main] [,] [INFO ] - Initializing ExecutorService 'applicationTaskExecutor'
2019-12-24 16:17:07,271 [main] [,] [WARN ] - Exception encountered during context initialization - cancelling refresh attempt: org.springframework.beans.factory.BeanCreationException: Error creating bean with name 'springApplicationAdminRegistrar' defined in class path resource [org/springframework/boot/autoconfigure/admin/SpringApplicationAdminJmxAutoConfiguration.class]: Invocation of init method failed; nested exception is javax.management.InstanceAlreadyExistsException: org.springframework.boot:type=Admin,name=SpringApplication
2019-12-24 16:17:07,272 [main] [,] [INFO ] - Shutting down ExecutorService 'applicationTaskExecutor'
2019-12-24 16:17:07,274 [main] [,] [INFO ] - Stopping service [Tomcat]
2019-12-24 16:17:07,280 [main] [,] [INFO ] - 

Error starting ApplicationContext. To display the conditions report re-run your application with 'debug' enabled.
2019-12-24 16:17:07,287 [main] [,] [ERROR] - Application run failed
org.springframework.beans.factory.BeanCreationException: Error creating bean with name 'springApplicationAdminRegistrar' defined in class path resource [org/springframework/boot/autoconfigure/admin/SpringApplicationAdminJmxAutoConfiguration.class]: Invocation of init method failed; nested exception is javax.management.InstanceAlreadyExistsException: org.springframework.boot:type=Admin,name=SpringApplication
	at org.springframework.beans.factory.support.AbstractAutowireCapableBeanFactory.initializeBean(AbstractAutowireCapableBeanFactory.java:1796) ~[spring-beans-5.2.2.RELEASE.jar:5.2.2.RELEASE]
	at org.springframework.beans.factory.support.AbstractAutowireCapableBeanFactory.doCreateBean(AbstractAutowireCapableBeanFactory.java:595) ~[spring-beans-5.2.2.RELEASE.jar:5.2.2.RELEASE]
	at org.springframework.beans.factory.support.AbstractAutowireCapableBeanFactory.createBean(AbstractAutowireCapableBeanFactory.java:517) ~[spring-beans-5.2.2.RELEASE.jar:5.2.2.RELEASE]
	at org.springframework.beans.factory.support.AbstractBeanFactory.lambda$doGetBean$0(AbstractBeanFactory.java:323) ~[spring-beans-5.2.2.RELEASE.jar:5.2.2.RELEASE]
	at org.springframework.beans.factory.support.DefaultSingletonBeanRegistry.getSingleton(DefaultSingletonBeanRegistry.java:222) ~[spring-beans-5.2.2.RELEASE.jar:5.2.2.RELEASE]
	at org.springframework.beans.factory.support.AbstractBeanFactory.doGetBean(AbstractBeanFactory.java:321) ~[spring-beans-5.2.2.RELEASE.jar:5.2.2.RELEASE]
	at org.springframework.beans.factory.support.AbstractBeanFactory.getBean(AbstractBeanFactory.java:202) ~[spring-beans-5.2.2.RELEASE.jar:5.2.2.RELEASE]
	at org.springframework.beans.factory.support.DefaultListableBeanFactory.preInstantiateSingletons(DefaultListableBeanFactory.java:879) ~[spring-beans-5.2.2.RELEASE.jar:5.2.2.RELEASE]
	at org.springframework.context.support.AbstractApplicationContext.finishBeanFactoryInitialization(AbstractApplicationContext.java:878) ~[spring-context-5.2.2.RELEASE.jar:5.2.2.RELEASE]
	at org.springframework.context.support.AbstractApplicationContext.refresh(AbstractApplicationContext.java:550) ~[spring-context-5.2.2.RELEASE.jar:5.2.2.RELEASE]
	at org.springframework.boot.web.servlet.context.ServletWebServerApplicationContext.refresh(ServletWebServerApplicationContext.java:141) ~[spring-boot-2.2.2.RELEASE.jar:2.2.2.RELEASE]
	at org.springframework.boot.SpringApplication.refresh(SpringApplication.java:747) [spring-boot-2.2.2.RELEASE.jar:2.2.2.RELEASE]
	at org.springframework.boot.SpringApplication.refreshContext(SpringApplication.java:397) [spring-boot-2.2.2.RELEASE.jar:2.2.2.RELEASE]
	at org.springframework.boot.SpringApplication.run(SpringApplication.java:315) [spring-boot-2.2.2.RELEASE.jar:2.2.2.RELEASE]
	at org.springframework.boot.builder.SpringApplicationBuilder.run(SpringApplicationBuilder.java:140) [spring-boot-2.2.2.RELEASE.jar:2.2.2.RELEASE]
	at com.graduation.library.LibraryCoreApplication.main(LibraryCoreApplication.java:29) [classes/:?]
Caused by: javax.management.InstanceAlreadyExistsException: org.springframework.boot:type=Admin,name=SpringApplication
	at com.sun.jmx.mbeanserver.Repository.addMBean(Repository.java:437) ~[?:1.8.0_192]
	at com.sun.jmx.interceptor.DefaultMBeanServerInterceptor.registerWithRepository(DefaultMBeanServerInterceptor.java:1898) ~[?:1.8.0_192]
	at com.sun.jmx.interceptor.DefaultMBeanServerInterceptor.registerDynamicMBean(DefaultMBeanServerInterceptor.java:966) ~[?:1.8.0_192]
	at com.sun.jmx.interceptor.DefaultMBeanServerInterceptor.registerObject(DefaultMBeanServerInterceptor.java:900) ~[?:1.8.0_192]
	at com.sun.jmx.interceptor.DefaultMBeanServerInterceptor.registerMBean(DefaultMBeanServerInterceptor.java:324) ~[?:1.8.0_192]
	at com.sun.jmx.mbeanserver.JmxMBeanServer.registerMBean(JmxMBeanServer.java:522) ~[?:1.8.0_192]
	at org.springframework.boot.admin.SpringApplicationAdminMXBeanRegistrar.afterPropertiesSet(SpringApplicationAdminMXBeanRegistrar.java:129) ~[spring-boot-2.2.2.RELEASE.jar:2.2.2.RELEASE]
	at org.springframework.beans.factory.support.AbstractAutowireCapableBeanFactory.invokeInitMethods(AbstractAutowireCapableBeanFactory.java:1855) ~[spring-beans-5.2.2.RELEASE.jar:5.2.2.RELEASE]
	at org.springframework.beans.factory.support.AbstractAutowireCapableBeanFactory.initializeBean(AbstractAutowireCapableBeanFactory.java:1792) ~[spring-beans-5.2.2.RELEASE.jar:5.2.2.RELEASE]
	... 15 more
2019-12-24 16:24:13,136 [main] [,] [INFO ] - No active profile set, falling back to default profiles: default
2019-12-24 16:24:13,506 [main] [,] [INFO ] - BeanFactory id=41d420af-62dd-37a7-b50b-abe962b8f96a
2019-12-24 16:24:13,567 [main] [,] [INFO ] - Bean 'org.springframework.cloud.autoconfigure.ConfigurationPropertiesRebinderAutoConfiguration' of type [org.springframework.cloud.autoconfigure.ConfigurationPropertiesRebinderAutoConfiguration] is not eligible for getting processed by all BeanPostProcessors (for example: not eligible for auto-proxying)
2019-12-24 16:24:13,704 [main] [,] [INFO ] - Tomcat initialized with port(s): 9020 (http)
2019-12-24 16:24:13,718 [main] [,] [INFO ] - Initializing ProtocolHandler ["http-nio-9020"]
2019-12-24 16:24:13,719 [main] [,] [INFO ] - Starting service [Tomcat]
2019-12-24 16:24:13,719 [main] [,] [INFO ] - Starting Servlet engine: [Apache Tomcat/9.0.29]
2019-12-24 16:24:13,799 [main] [,] [INFO ] - Initializing Spring embedded WebApplicationContext
2019-12-24 16:24:13,799 [main] [,] [INFO ] - Root WebApplicationContext: initialization completed in 653 ms
2019-12-24 16:24:13,931 [main] [,] [INFO ] - Initializing ExecutorService 'applicationTaskExecutor'
2019-12-24 16:24:15,347 [main] [,] [WARN ] - You already have RibbonLoadBalancerClient on your classpath. It will be used by default. As Spring Cloud Ribbon is in maintenance mode. We recommend switching to BlockingLoadBalancerClient instead. In order to use it, set the value of `spring.cloud.loadbalancer.ribbon.enabled` to `false` or remove spring-cloud-starter-netflix-ribbon from your project.
2019-12-24 16:24:15,371 [main] [,] [WARN ] - Spring Cloud LoadBalancer is currently working with default default cache. You can switch to using Caffeine cache, by adding it to the classpath.
2019-12-24 16:24:15,417 [main] [,] [INFO ] - Setting initial instance status as: STARTING
2019-12-24 16:24:16,129 [main] [,] [INFO ] - Registering application LIBRARY-CORE with eureka with status UP
2019-12-24 16:24:16,141 [main] [,] [INFO ] - Starting ProtocolHandler ["http-nio-9020"]
2019-12-24 16:24:16,167 [main] [,] [INFO ] - Tomcat started on port(s): 9020 (http) with context path ''
2019-12-24 16:24:16,168 [main] [,] [INFO ] - Updating port to 9020
2019-12-24 16:24:16,544 [main] [,] [INFO ] - Started LibraryCoreApplication in 4.72 seconds (JVM running for 6.166)
2019-12-24 16:24:17,485 [main] [,] [INFO ] - No active profile set, falling back to default profiles: default
2019-12-24 16:24:17,628 [main] [,] [INFO ] - BeanFactory id=41d420af-62dd-37a7-b50b-abe962b8f96a
2019-12-24 16:24:17,641 [main] [,] [INFO ] - Bean 'org.springframework.cloud.autoconfigure.ConfigurationPropertiesRebinderAutoConfiguration' of type [org.springframework.cloud.autoconfigure.ConfigurationPropertiesRebinderAutoConfiguration] is not eligible for getting processed by all BeanPostProcessors (for example: not eligible for auto-proxying)
2019-12-24 16:24:17,655 [main] [,] [WARN ] - The MBean registry cannot be disabled because it has already been initialised
2019-12-24 16:24:17,660 [main] [,] [INFO ] - Tomcat initialized with port(s): 9020 (http)
2019-12-24 16:24:17,660 [main] [,] [INFO ] - Initializing ProtocolHandler ["http-nio-9020"]
2019-12-24 16:24:17,661 [main] [,] [INFO ] - Starting service [Tomcat]
2019-12-24 16:24:17,661 [main] [,] [INFO ] - Starting Servlet engine: [Apache Tomcat/9.0.29]
2019-12-24 16:24:17,681 [main] [,] [INFO ] - Initializing Spring embedded WebApplicationContext
2019-12-24 16:24:17,681 [main] [,] [INFO ] - Root WebApplicationContext: initialization completed in 195 ms
2019-12-24 16:24:17,692 [main] [,] [WARN ] - Netflix ConfigurationManager has already been installed, unable to re-install
2019-12-24 16:24:17,724 [main] [,] [INFO ] - Initializing ExecutorService 'applicationTaskExecutor'
2019-12-24 16:24:17,744 [main] [,] [WARN ] - Exception encountered during context initialization - cancelling refresh attempt: org.springframework.beans.factory.BeanCreationException: Error creating bean with name 'springApplicationAdminRegistrar' defined in class path resource [org/springframework/boot/autoconfigure/admin/SpringApplicationAdminJmxAutoConfiguration.class]: Invocation of init method failed; nested exception is javax.management.InstanceAlreadyExistsException: org.springframework.boot:type=Admin,name=SpringApplication
2019-12-24 16:24:17,745 [main] [,] [INFO ] - Shutting down ExecutorService 'applicationTaskExecutor'
2019-12-24 16:24:17,747 [main] [,] [INFO ] - Stopping service [Tomcat]
2019-12-24 16:24:17,753 [main] [,] [INFO ] - 

Error starting ApplicationContext. To display the conditions report re-run your application with 'debug' enabled.
2019-12-24 16:24:17,759 [main] [,] [ERROR] - Application run failed
org.springframework.beans.factory.BeanCreationException: Error creating bean with name 'springApplicationAdminRegistrar' defined in class path resource [org/springframework/boot/autoconfigure/admin/SpringApplicationAdminJmxAutoConfiguration.class]: Invocation of init method failed; nested exception is javax.management.InstanceAlreadyExistsException: org.springframework.boot:type=Admin,name=SpringApplication
	at org.springframework.beans.factory.support.AbstractAutowireCapableBeanFactory.initializeBean(AbstractAutowireCapableBeanFactory.java:1796) ~[spring-beans-5.2.2.RELEASE.jar:5.2.2.RELEASE]
	at org.springframework.beans.factory.support.AbstractAutowireCapableBeanFactory.doCreateBean(AbstractAutowireCapableBeanFactory.java:595) ~[spring-beans-5.2.2.RELEASE.jar:5.2.2.RELEASE]
	at org.springframework.beans.factory.support.AbstractAutowireCapableBeanFactory.createBean(AbstractAutowireCapableBeanFactory.java:517) ~[spring-beans-5.2.2.RELEASE.jar:5.2.2.RELEASE]
	at org.springframework.beans.factory.support.AbstractBeanFactory.lambda$doGetBean$0(AbstractBeanFactory.java:323) ~[spring-beans-5.2.2.RELEASE.jar:5.2.2.RELEASE]
	at org.springframework.beans.factory.support.DefaultSingletonBeanRegistry.getSingleton(DefaultSingletonBeanRegistry.java:222) ~[spring-beans-5.2.2.RELEASE.jar:5.2.2.RELEASE]
	at org.springframework.beans.factory.support.AbstractBeanFactory.doGetBean(AbstractBeanFactory.java:321) ~[spring-beans-5.2.2.RELEASE.jar:5.2.2.RELEASE]
	at org.springframework.beans.factory.support.AbstractBeanFactory.getBean(AbstractBeanFactory.java:202) ~[spring-beans-5.2.2.RELEASE.jar:5.2.2.RELEASE]
	at org.springframework.beans.factory.support.DefaultListableBeanFactory.preInstantiateSingletons(DefaultListableBeanFactory.java:879) ~[spring-beans-5.2.2.RELEASE.jar:5.2.2.RELEASE]
	at org.springframework.context.support.AbstractApplicationContext.finishBeanFactoryInitialization(AbstractApplicationContext.java:878) ~[spring-context-5.2.2.RELEASE.jar:5.2.2.RELEASE]
	at org.springframework.context.support.AbstractApplicationContext.refresh(AbstractApplicationContext.java:550) ~[spring-context-5.2.2.RELEASE.jar:5.2.2.RELEASE]
	at org.springframework.boot.web.servlet.context.ServletWebServerApplicationContext.refresh(ServletWebServerApplicationContext.java:141) ~[spring-boot-2.2.2.RELEASE.jar:2.2.2.RELEASE]
	at org.springframework.boot.SpringApplication.refresh(SpringApplication.java:747) [spring-boot-2.2.2.RELEASE.jar:2.2.2.RELEASE]
	at org.springframework.boot.SpringApplication.refreshContext(SpringApplication.java:397) [spring-boot-2.2.2.RELEASE.jar:2.2.2.RELEASE]
	at org.springframework.boot.SpringApplication.run(SpringApplication.java:315) [spring-boot-2.2.2.RELEASE.jar:2.2.2.RELEASE]
	at org.springframework.boot.builder.SpringApplicationBuilder.run(SpringApplicationBuilder.java:140) [spring-boot-2.2.2.RELEASE.jar:2.2.2.RELEASE]
	at com.graduation.library.LibraryCoreApplication.main(LibraryCoreApplication.java:29) [classes/:?]
Caused by: javax.management.InstanceAlreadyExistsException: org.springframework.boot:type=Admin,name=SpringApplication
	at com.sun.jmx.mbeanserver.Repository.addMBean(Repository.java:437) ~[?:1.8.0_192]
	at com.sun.jmx.interceptor.DefaultMBeanServerInterceptor.registerWithRepository(DefaultMBeanServerInterceptor.java:1898) ~[?:1.8.0_192]
	at com.sun.jmx.interceptor.DefaultMBeanServerInterceptor.registerDynamicMBean(DefaultMBeanServerInterceptor.java:966) ~[?:1.8.0_192]
	at com.sun.jmx.interceptor.DefaultMBeanServerInterceptor.registerObject(DefaultMBeanServerInterceptor.java:900) ~[?:1.8.0_192]
	at com.sun.jmx.interceptor.DefaultMBeanServerInterceptor.registerMBean(DefaultMBeanServerInterceptor.java:324) ~[?:1.8.0_192]
	at com.sun.jmx.mbeanserver.JmxMBeanServer.registerMBean(JmxMBeanServer.java:522) ~[?:1.8.0_192]
	at org.springframework.boot.admin.SpringApplicationAdminMXBeanRegistrar.afterPropertiesSet(SpringApplicationAdminMXBeanRegistrar.java:129) ~[spring-boot-2.2.2.RELEASE.jar:2.2.2.RELEASE]
	at org.springframework.beans.factory.support.AbstractAutowireCapableBeanFactory.invokeInitMethods(AbstractAutowireCapableBeanFactory.java:1855) ~[spring-beans-5.2.2.RELEASE.jar:5.2.2.RELEASE]
	at org.springframework.beans.factory.support.AbstractAutowireCapableBeanFactory.initializeBean(AbstractAutowireCapableBeanFactory.java:1792) ~[spring-beans-5.2.2.RELEASE.jar:5.2.2.RELEASE]
	... 15 more
2019-12-24 16:25:26,819 [main] [,] [INFO ] - No active profile set, falling back to default profiles: default
2019-12-24 16:25:27,249 [main] [,] [INFO ] - BeanFactory id=41d420af-62dd-37a7-b50b-abe962b8f96a
2019-12-24 16:25:27,320 [main] [,] [INFO ] - Bean 'org.springframework.cloud.autoconfigure.ConfigurationPropertiesRebinderAutoConfiguration' of type [org.springframework.cloud.autoconfigure.ConfigurationPropertiesRebinderAutoConfiguration] is not eligible for getting processed by all BeanPostProcessors (for example: not eligible for auto-proxying)
2019-12-24 16:25:27,491 [main] [,] [INFO ] - Tomcat initialized with port(s): 9020 (http)
2019-12-24 16:25:27,506 [main] [,] [INFO ] - Initializing ProtocolHandler ["http-nio-9020"]
2019-12-24 16:25:27,507 [main] [,] [INFO ] - Starting service [Tomcat]
2019-12-24 16:25:27,507 [main] [,] [INFO ] - Starting Servlet engine: [Apache Tomcat/9.0.29]
2019-12-24 16:25:27,587 [main] [,] [INFO ] - Initializing Spring embedded WebApplicationContext
2019-12-24 16:25:27,588 [main] [,] [INFO ] - Root WebApplicationContext: initialization completed in 759 ms
2019-12-24 16:25:27,786 [main] [,] [INFO ] - Initializing ExecutorService 'applicationTaskExecutor'
2019-12-24 16:25:29,075 [main] [,] [WARN ] - You already have RibbonLoadBalancerClient on your classpath. It will be used by default. As Spring Cloud Ribbon is in maintenance mode. We recommend switching to BlockingLoadBalancerClient instead. In order to use it, set the value of `spring.cloud.loadbalancer.ribbon.enabled` to `false` or remove spring-cloud-starter-netflix-ribbon from your project.
2019-12-24 16:25:29,102 [main] [,] [WARN ] - Spring Cloud LoadBalancer is currently working with default default cache. You can switch to using Caffeine cache, by adding it to the classpath.
2019-12-24 16:25:29,157 [main] [,] [INFO ] - Setting initial instance status as: STARTING
2019-12-24 16:25:29,976 [main] [,] [INFO ] - Registering application LIBRARY-CORE with eureka with status UP
2019-12-24 16:25:29,986 [main] [,] [INFO ] - Starting ProtocolHandler ["http-nio-9020"]
2019-12-24 16:25:30,008 [main] [,] [INFO ] - Tomcat started on port(s): 9020 (http) with context path ''
2019-12-24 16:25:30,009 [main] [,] [INFO ] - Updating port to 9020
2019-12-24 16:25:30,372 [main] [,] [INFO ] - Started LibraryCoreApplication in 4.949 seconds (JVM running for 6.628)
2019-12-24 16:25:31,289 [main] [,] [INFO ] - No active profile set, falling back to default profiles: default
2019-12-24 16:25:31,419 [main] [,] [INFO ] - BeanFactory id=41d420af-62dd-37a7-b50b-abe962b8f96a
2019-12-24 16:25:31,435 [main] [,] [INFO ] - Bean 'org.springframework.cloud.autoconfigure.ConfigurationPropertiesRebinderAutoConfiguration' of type [org.springframework.cloud.autoconfigure.ConfigurationPropertiesRebinderAutoConfiguration] is not eligible for getting processed by all BeanPostProcessors (for example: not eligible for auto-proxying)
2019-12-24 16:25:31,448 [main] [,] [WARN ] - The MBean registry cannot be disabled because it has already been initialised
2019-12-24 16:25:31,453 [main] [,] [INFO ] - Tomcat initialized with port(s): 9020 (http)
2019-12-24 16:25:31,454 [main] [,] [INFO ] - Initializing ProtocolHandler ["http-nio-9020"]
2019-12-24 16:25:31,454 [main] [,] [INFO ] - Starting service [Tomcat]
2019-12-24 16:25:31,455 [main] [,] [INFO ] - Starting Servlet engine: [Apache Tomcat/9.0.29]
2019-12-24 16:25:31,477 [main] [,] [INFO ] - Initializing Spring embedded WebApplicationContext
2019-12-24 16:25:31,477 [main] [,] [INFO ] - Root WebApplicationContext: initialization completed in 187 ms
2019-12-24 16:25:31,487 [main] [,] [WARN ] - Netflix ConfigurationManager has already been installed, unable to re-install
2019-12-24 16:25:31,522 [main] [,] [INFO ] - Initializing ExecutorService 'applicationTaskExecutor'
2019-12-24 16:25:31,546 [main] [,] [WARN ] - Exception encountered during context initialization - cancelling refresh attempt: org.springframework.beans.factory.BeanCreationException: Error creating bean with name 'springApplicationAdminRegistrar' defined in class path resource [org/springframework/boot/autoconfigure/admin/SpringApplicationAdminJmxAutoConfiguration.class]: Invocation of init method failed; nested exception is javax.management.InstanceAlreadyExistsException: org.springframework.boot:type=Admin,name=SpringApplication
2019-12-24 16:25:31,546 [main] [,] [INFO ] - Shutting down ExecutorService 'applicationTaskExecutor'
2019-12-24 16:25:31,548 [main] [,] [INFO ] - Stopping service [Tomcat]
2019-12-24 16:25:31,558 [main] [,] [INFO ] - 

Error starting ApplicationContext. To display the conditions report re-run your application with 'debug' enabled.
2019-12-24 16:25:31,564 [main] [,] [ERROR] - Application run failed
org.springframework.beans.factory.BeanCreationException: Error creating bean with name 'springApplicationAdminRegistrar' defined in class path resource [org/springframework/boot/autoconfigure/admin/SpringApplicationAdminJmxAutoConfiguration.class]: Invocation of init method failed; nested exception is javax.management.InstanceAlreadyExistsException: org.springframework.boot:type=Admin,name=SpringApplication
	at org.springframework.beans.factory.support.AbstractAutowireCapableBeanFactory.initializeBean(AbstractAutowireCapableBeanFactory.java:1796) ~[spring-beans-5.2.2.RELEASE.jar:5.2.2.RELEASE]
	at org.springframework.beans.factory.support.AbstractAutowireCapableBeanFactory.doCreateBean(AbstractAutowireCapableBeanFactory.java:595) ~[spring-beans-5.2.2.RELEASE.jar:5.2.2.RELEASE]
	at org.springframework.beans.factory.support.AbstractAutowireCapableBeanFactory.createBean(AbstractAutowireCapableBeanFactory.java:517) ~[spring-beans-5.2.2.RELEASE.jar:5.2.2.RELEASE]
	at org.springframework.beans.factory.support.AbstractBeanFactory.lambda$doGetBean$0(AbstractBeanFactory.java:323) ~[spring-beans-5.2.2.RELEASE.jar:5.2.2.RELEASE]
	at org.springframework.beans.factory.support.DefaultSingletonBeanRegistry.getSingleton(DefaultSingletonBeanRegistry.java:222) ~[spring-beans-5.2.2.RELEASE.jar:5.2.2.RELEASE]
	at org.springframework.beans.factory.support.AbstractBeanFactory.doGetBean(AbstractBeanFactory.java:321) ~[spring-beans-5.2.2.RELEASE.jar:5.2.2.RELEASE]
	at org.springframework.beans.factory.support.AbstractBeanFactory.getBean(AbstractBeanFactory.java:202) ~[spring-beans-5.2.2.RELEASE.jar:5.2.2.RELEASE]
	at org.springframework.beans.factory.support.DefaultListableBeanFactory.preInstantiateSingletons(DefaultListableBeanFactory.java:879) ~[spring-beans-5.2.2.RELEASE.jar:5.2.2.RELEASE]
	at org.springframework.context.support.AbstractApplicationContext.finishBeanFactoryInitialization(AbstractApplicationContext.java:878) ~[spring-context-5.2.2.RELEASE.jar:5.2.2.RELEASE]
	at org.springframework.context.support.AbstractApplicationContext.refresh(AbstractApplicationContext.java:550) ~[spring-context-5.2.2.RELEASE.jar:5.2.2.RELEASE]
	at org.springframework.boot.web.servlet.context.ServletWebServerApplicationContext.refresh(ServletWebServerApplicationContext.java:141) ~[spring-boot-2.2.2.RELEASE.jar:2.2.2.RELEASE]
	at org.springframework.boot.SpringApplication.refresh(SpringApplication.java:747) [spring-boot-2.2.2.RELEASE.jar:2.2.2.RELEASE]
	at org.springframework.boot.SpringApplication.refreshContext(SpringApplication.java:397) [spring-boot-2.2.2.RELEASE.jar:2.2.2.RELEASE]
	at org.springframework.boot.SpringApplication.run(SpringApplication.java:315) [spring-boot-2.2.2.RELEASE.jar:2.2.2.RELEASE]
	at org.springframework.boot.builder.SpringApplicationBuilder.run(SpringApplicationBuilder.java:140) [spring-boot-2.2.2.RELEASE.jar:2.2.2.RELEASE]
	at com.graduation.library.LibraryCoreApplication.main(LibraryCoreApplication.java:29) [classes/:?]
Caused by: javax.management.InstanceAlreadyExistsException: org.springframework.boot:type=Admin,name=SpringApplication
	at com.sun.jmx.mbeanserver.Repository.addMBean(Repository.java:437) ~[?:1.8.0_192]
	at com.sun.jmx.interceptor.DefaultMBeanServerInterceptor.registerWithRepository(DefaultMBeanServerInterceptor.java:1898) ~[?:1.8.0_192]
	at com.sun.jmx.interceptor.DefaultMBeanServerInterceptor.registerDynamicMBean(DefaultMBeanServerInterceptor.java:966) ~[?:1.8.0_192]
	at com.sun.jmx.interceptor.DefaultMBeanServerInterceptor.registerObject(DefaultMBeanServerInterceptor.java:900) ~[?:1.8.0_192]
	at com.sun.jmx.interceptor.DefaultMBeanServerInterceptor.registerMBean(DefaultMBeanServerInterceptor.java:324) ~[?:1.8.0_192]
	at com.sun.jmx.mbeanserver.JmxMBeanServer.registerMBean(JmxMBeanServer.java:522) ~[?:1.8.0_192]
	at org.springframework.boot.admin.SpringApplicationAdminMXBeanRegistrar.afterPropertiesSet(SpringApplicationAdminMXBeanRegistrar.java:129) ~[spring-boot-2.2.2.RELEASE.jar:2.2.2.RELEASE]
	at org.springframework.beans.factory.support.AbstractAutowireCapableBeanFactory.invokeInitMethods(AbstractAutowireCapableBeanFactory.java:1855) ~[spring-beans-5.2.2.RELEASE.jar:5.2.2.RELEASE]
	at org.springframework.beans.factory.support.AbstractAutowireCapableBeanFactory.initializeBean(AbstractAutowireCapableBeanFactory.java:1792) ~[spring-beans-5.2.2.RELEASE.jar:5.2.2.RELEASE]
	... 15 more
2019-12-24 16:28:24,455 [SpringContextShutdownHook] [,] [INFO ] - Unregistering application LIBRARY-CORE with eureka with status DOWN
2019-12-24 16:28:24,457 [SpringContextShutdownHook] [,] [INFO ] - Shutting down ExecutorService 'applicationTaskExecutor'
2019-12-24 16:28:31,450 [main] [,] [INFO ] - Bean 'org.springframework.cloud.autoconfigure.ConfigurationPropertiesRebinderAutoConfiguration' of type [org.springframework.cloud.autoconfigure.ConfigurationPropertiesRebinderAutoConfiguration] is not eligible for getting processed by all BeanPostProcessors (for example: not eligible for auto-proxying)
2019-12-24 16:28:31,909 [main] [,] [INFO ] - No active profile set, falling back to default profiles: default
2019-12-24 16:28:32,297 [main] [,] [INFO ] - BeanFactory id=41d420af-62dd-37a7-b50b-abe962b8f96a
2019-12-24 16:28:32,353 [main] [,] [INFO ] - Bean 'org.springframework.cloud.autoconfigure.ConfigurationPropertiesRebinderAutoConfiguration' of type [org.springframework.cloud.autoconfigure.ConfigurationPropertiesRebinderAutoConfiguration] is not eligible for getting processed by all BeanPostProcessors (for example: not eligible for auto-proxying)
2019-12-24 16:28:32,501 [main] [,] [INFO ] - Tomcat initialized with port(s): 9020 (http)
2019-12-24 16:28:32,534 [main] [,] [INFO ] - Initializing ProtocolHandler ["http-nio-9020"]
2019-12-24 16:28:32,535 [main] [,] [INFO ] - Starting service [Tomcat]
2019-12-24 16:28:32,535 [main] [,] [INFO ] - Starting Servlet engine: [Apache Tomcat/9.0.29]
2019-12-24 16:28:32,624 [main] [,] [INFO ] - Initializing Spring embedded WebApplicationContext
2019-12-24 16:28:32,624 [main] [,] [INFO ] - Root WebApplicationContext: initialization completed in 706 ms
2019-12-24 16:28:32,774 [main] [,] [INFO ] - Initializing ExecutorService 'applicationTaskExecutor'
2019-12-24 16:28:34,107 [main] [,] [WARN ] - You already have RibbonLoadBalancerClient on your classpath. It will be used by default. As Spring Cloud Ribbon is in maintenance mode. We recommend switching to BlockingLoadBalancerClient instead. In order to use it, set the value of `spring.cloud.loadbalancer.ribbon.enabled` to `false` or remove spring-cloud-starter-netflix-ribbon from your project.
2019-12-24 16:28:34,134 [main] [,] [WARN ] - Spring Cloud LoadBalancer is currently working with default default cache. You can switch to using Caffeine cache, by adding it to the classpath.
2019-12-24 16:28:34,184 [main] [,] [INFO ] - Setting initial instance status as: STARTING
2019-12-24 16:28:34,925 [main] [,] [INFO ] - Registering application LIBRARY-CORE with eureka with status UP
2019-12-24 16:28:34,935 [main] [,] [INFO ] - Starting ProtocolHandler ["http-nio-9020"]
2019-12-24 16:28:34,953 [main] [,] [INFO ] - Tomcat started on port(s): 9020 (http) with context path ''
2019-12-24 16:28:34,954 [main] [,] [INFO ] - Updating port to 9020
2019-12-24 16:28:35,322 [main] [,] [INFO ] - Started LibraryCoreApplication in 4.818 seconds (JVM running for 6.263)
2019-12-24 16:28:35,742 [main] [,] [INFO ] - Bean 'org.springframework.cloud.autoconfigure.ConfigurationPropertiesRebinderAutoConfiguration' of type [org.springframework.cloud.autoconfigure.ConfigurationPropertiesRebinderAutoConfiguration] is not eligible for getting processed by all BeanPostProcessors (for example: not eligible for auto-proxying)
2019-12-24 16:28:36,185 [main] [,] [INFO ] - No active profile set, falling back to default profiles: default
2019-12-24 16:28:36,297 [main] [,] [INFO ] - BeanFactory id=41d420af-62dd-37a7-b50b-abe962b8f96a
2019-12-24 16:28:36,309 [main] [,] [INFO ] - Bean 'org.springframework.cloud.autoconfigure.ConfigurationPropertiesRebinderAutoConfiguration' of type [org.springframework.cloud.autoconfigure.ConfigurationPropertiesRebinderAutoConfiguration] is not eligible for getting processed by all BeanPostProcessors (for example: not eligible for auto-proxying)
2019-12-24 16:28:36,322 [main] [,] [WARN ] - The MBean registry cannot be disabled because it has already been initialised
2019-12-24 16:28:36,326 [main] [,] [INFO ] - Tomcat initialized with port(s): 9020 (http)
2019-12-24 16:28:36,326 [main] [,] [INFO ] - Initializing ProtocolHandler ["http-nio-9020"]
2019-12-24 16:28:36,326 [main] [,] [INFO ] - Starting service [Tomcat]
2019-12-24 16:28:36,326 [main] [,] [INFO ] - Starting Servlet engine: [Apache Tomcat/9.0.29]
2019-12-24 16:28:36,346 [main] [,] [INFO ] - Initializing Spring embedded WebApplicationContext
2019-12-24 16:28:36,346 [main] [,] [INFO ] - Root WebApplicationContext: initialization completed in 159 ms
2019-12-24 16:28:36,354 [main] [,] [WARN ] - Netflix ConfigurationManager has already been installed, unable to re-install
2019-12-24 16:28:36,387 [main] [,] [INFO ] - Initializing ExecutorService 'applicationTaskExecutor'
2019-12-24 16:28:36,408 [main] [,] [WARN ] - Exception encountered during context initialization - cancelling refresh attempt: org.springframework.beans.factory.BeanCreationException: Error creating bean with name 'springApplicationAdminRegistrar' defined in class path resource [org/springframework/boot/autoconfigure/admin/SpringApplicationAdminJmxAutoConfiguration.class]: Invocation of init method failed; nested exception is javax.management.InstanceAlreadyExistsException: org.springframework.boot:type=Admin,name=SpringApplication
2019-12-24 16:28:36,409 [main] [,] [INFO ] - Shutting down ExecutorService 'applicationTaskExecutor'
2019-12-24 16:28:36,411 [main] [,] [INFO ] - Stopping service [Tomcat]
2019-12-24 16:28:36,418 [main] [,] [INFO ] - 

Error starting ApplicationContext. To display the conditions report re-run your application with 'debug' enabled.
2019-12-24 16:28:36,424 [main] [,] [ERROR] - Application run failed
org.springframework.beans.factory.BeanCreationException: Error creating bean with name 'springApplicationAdminRegistrar' defined in class path resource [org/springframework/boot/autoconfigure/admin/SpringApplicationAdminJmxAutoConfiguration.class]: Invocation of init method failed; nested exception is javax.management.InstanceAlreadyExistsException: org.springframework.boot:type=Admin,name=SpringApplication
	at org.springframework.beans.factory.support.AbstractAutowireCapableBeanFactory.initializeBean(AbstractAutowireCapableBeanFactory.java:1796) ~[spring-beans-5.2.2.RELEASE.jar:5.2.2.RELEASE]
	at org.springframework.beans.factory.support.AbstractAutowireCapableBeanFactory.doCreateBean(AbstractAutowireCapableBeanFactory.java:595) ~[spring-beans-5.2.2.RELEASE.jar:5.2.2.RELEASE]
	at org.springframework.beans.factory.support.AbstractAutowireCapableBeanFactory.createBean(AbstractAutowireCapableBeanFactory.java:517) ~[spring-beans-5.2.2.RELEASE.jar:5.2.2.RELEASE]
	at org.springframework.beans.factory.support.AbstractBeanFactory.lambda$doGetBean$0(AbstractBeanFactory.java:323) ~[spring-beans-5.2.2.RELEASE.jar:5.2.2.RELEASE]
	at org.springframework.beans.factory.support.DefaultSingletonBeanRegistry.getSingleton(DefaultSingletonBeanRegistry.java:222) ~[spring-beans-5.2.2.RELEASE.jar:5.2.2.RELEASE]
	at org.springframework.beans.factory.support.AbstractBeanFactory.doGetBean(AbstractBeanFactory.java:321) ~[spring-beans-5.2.2.RELEASE.jar:5.2.2.RELEASE]
	at org.springframework.beans.factory.support.AbstractBeanFactory.getBean(AbstractBeanFactory.java:202) ~[spring-beans-5.2.2.RELEASE.jar:5.2.2.RELEASE]
	at org.springframework.beans.factory.support.DefaultListableBeanFactory.preInstantiateSingletons(DefaultListableBeanFactory.java:879) ~[spring-beans-5.2.2.RELEASE.jar:5.2.2.RELEASE]
	at org.springframework.context.support.AbstractApplicationContext.finishBeanFactoryInitialization(AbstractApplicationContext.java:878) ~[spring-context-5.2.2.RELEASE.jar:5.2.2.RELEASE]
	at org.springframework.context.support.AbstractApplicationContext.refresh(AbstractApplicationContext.java:550) ~[spring-context-5.2.2.RELEASE.jar:5.2.2.RELEASE]
	at org.springframework.boot.web.servlet.context.ServletWebServerApplicationContext.refresh(ServletWebServerApplicationContext.java:141) ~[spring-boot-2.2.2.RELEASE.jar:2.2.2.RELEASE]
	at org.springframework.boot.SpringApplication.refresh(SpringApplication.java:747) [spring-boot-2.2.2.RELEASE.jar:2.2.2.RELEASE]
	at org.springframework.boot.SpringApplication.refreshContext(SpringApplication.java:397) [spring-boot-2.2.2.RELEASE.jar:2.2.2.RELEASE]
	at org.springframework.boot.SpringApplication.run(SpringApplication.java:315) [spring-boot-2.2.2.RELEASE.jar:2.2.2.RELEASE]
	at org.springframework.boot.builder.SpringApplicationBuilder.run(SpringApplicationBuilder.java:140) [spring-boot-2.2.2.RELEASE.jar:2.2.2.RELEASE]
	at com.graduation.library.LibraryCoreApplication.main(LibraryCoreApplication.java:29) [classes/:?]
Caused by: javax.management.InstanceAlreadyExistsException: org.springframework.boot:type=Admin,name=SpringApplication
	at com.sun.jmx.mbeanserver.Repository.addMBean(Repository.java:437) ~[?:1.8.0_192]
	at com.sun.jmx.interceptor.DefaultMBeanServerInterceptor.registerWithRepository(DefaultMBeanServerInterceptor.java:1898) ~[?:1.8.0_192]
	at com.sun.jmx.interceptor.DefaultMBeanServerInterceptor.registerDynamicMBean(DefaultMBeanServerInterceptor.java:966) ~[?:1.8.0_192]
	at com.sun.jmx.interceptor.DefaultMBeanServerInterceptor.registerObject(DefaultMBeanServerInterceptor.java:900) ~[?:1.8.0_192]
	at com.sun.jmx.interceptor.DefaultMBeanServerInterceptor.registerMBean(DefaultMBeanServerInterceptor.java:324) ~[?:1.8.0_192]
	at com.sun.jmx.mbeanserver.JmxMBeanServer.registerMBean(JmxMBeanServer.java:522) ~[?:1.8.0_192]
	at org.springframework.boot.admin.SpringApplicationAdminMXBeanRegistrar.afterPropertiesSet(SpringApplicationAdminMXBeanRegistrar.java:129) ~[spring-boot-2.2.2.RELEASE.jar:2.2.2.RELEASE]
	at org.springframework.beans.factory.support.AbstractAutowireCapableBeanFactory.invokeInitMethods(AbstractAutowireCapableBeanFactory.java:1855) ~[spring-beans-5.2.2.RELEASE.jar:5.2.2.RELEASE]
	at org.springframework.beans.factory.support.AbstractAutowireCapableBeanFactory.initializeBean(AbstractAutowireCapableBeanFactory.java:1792) ~[spring-beans-5.2.2.RELEASE.jar:5.2.2.RELEASE]
	... 15 more
