2019-12-24 15:00:37,230 [main] [,] [INFO ] - No active profile set, falling back to default profiles: default
2019-12-24 15:00:37,439 [main] [,] [WARN ] - No MyBatis mapper was found in '[com.graduation.library]' package. Please check your configuration.
2019-12-24 15:00:37,560 [main] [,] [INFO ] - BeanFactory id=308b7487-abeb-37dd-8598-a5874c9e5c4c
2019-12-24 15:00:37,605 [main] [,] [INFO ] - Bean 'org.springframework.transaction.annotation.ProxyTransactionManagementConfiguration' of type [org.springframework.transaction.annotation.ProxyTransactionManagementConfiguration] is not eligible for getting processed by all BeanPostProcessors (for example: not eligible for auto-proxying)
2019-12-24 15:00:37,621 [main] [,] [INFO ] - Bean 'org.springframework.cloud.autoconfigure.ConfigurationPropertiesRebinderAutoConfiguration' of type [org.springframework.cloud.autoconfigure.ConfigurationPropertiesRebinderAutoConfiguration] is not eligible for getting processed by all BeanPostProcessors (for example: not eligible for auto-proxying)
2019-12-24 15:00:37,663 [main] [,] [INFO ] - Init DruidDataSource
2019-12-24 15:00:37,733 [main] [,] [INFO ] - {dataSource-1} inited
2019-12-24 15:00:38,992 [main] [,] [WARN ] - You already have RibbonLoadBalancerClient on your classpath. It will be used by default. As Spring Cloud Ribbon is in maintenance mode. We recommend switching to BlockingLoadBalancerClient instead. In order to use it, set the value of `spring.cloud.loadbalancer.ribbon.enabled` to `false` or remove spring-cloud-starter-netflix-ribbon from your project.
2019-12-24 15:00:39,015 [main] [,] [WARN ] - Spring Cloud LoadBalancer is currently working with default default cache. You can switch to using Caffeine cache, by adding it to the classpath.
2019-12-24 15:00:39,061 [main] [,] [INFO ] - Setting initial instance status as: STARTING
2019-12-24 15:00:39,065 [main] [,] [ERROR] - error getting CloudEurekaClient
org.springframework.beans.factory.BeanCreationException: Error creating bean with name 'scopedTarget.eurekaClient' defined in class path resource [org/springframework/cloud/netflix/eureka/EurekaClientAutoConfiguration$RefreshableEurekaClientConfiguration.class]: Bean instantiation via factory method failed; nested exception is org.springframework.beans.BeanInstantiationException: Failed to instantiate [com.netflix.discovery.EurekaClient]: Factory method 'eurekaClient' threw exception; nested exception is java.lang.NoClassDefFoundError: com/google/common/base/Function
	at org.springframework.beans.factory.support.ConstructorResolver.instantiate(ConstructorResolver.java:656) ~[spring-beans-5.2.2.RELEASE.jar:5.2.2.RELEASE]
	at org.springframework.beans.factory.support.ConstructorResolver.instantiateUsingFactoryMethod(ConstructorResolver.java:636) ~[spring-beans-5.2.2.RELEASE.jar:5.2.2.RELEASE]
	at org.springframework.beans.factory.support.AbstractAutowireCapableBeanFactory.instantiateUsingFactoryMethod(AbstractAutowireCapableBeanFactory.java:1338) ~[spring-beans-5.2.2.RELEASE.jar:5.2.2.RELEASE]
	at org.springframework.beans.factory.support.AbstractAutowireCapableBeanFactory.createBeanInstance(AbstractAutowireCapableBeanFactory.java:1177) ~[spring-beans-5.2.2.RELEASE.jar:5.2.2.RELEASE]
	at org.springframework.beans.factory.support.AbstractAutowireCapableBeanFactory.doCreateBean(AbstractAutowireCapableBeanFactory.java:557) ~[spring-beans-5.2.2.RELEASE.jar:5.2.2.RELEASE]
	at org.springframework.beans.factory.support.AbstractAutowireCapableBeanFactory.createBean(AbstractAutowireCapableBeanFactory.java:517) ~[spring-beans-5.2.2.RELEASE.jar:5.2.2.RELEASE]
	at org.springframework.beans.factory.support.AbstractBeanFactory.lambda$doGetBean$1(AbstractBeanFactory.java:359) ~[spring-beans-5.2.2.RELEASE.jar:5.2.2.RELEASE]
	at org.springframework.cloud.context.scope.GenericScope$BeanLifecycleWrapper.getBean(GenericScope.java:389) ~[spring-cloud-context-2.2.0.RELEASE.jar:2.2.0.RELEASE]
	at org.springframework.cloud.context.scope.GenericScope.get(GenericScope.java:186) ~[spring-cloud-context-2.2.0.RELEASE.jar:2.2.0.RELEASE]
	at org.springframework.beans.factory.support.AbstractBeanFactory.doGetBean(AbstractBeanFactory.java:356) ~[spring-beans-5.2.2.RELEASE.jar:5.2.2.RELEASE]
	at org.springframework.beans.factory.support.AbstractBeanFactory.getBean(AbstractBeanFactory.java:202) ~[spring-beans-5.2.2.RELEASE.jar:5.2.2.RELEASE]
	at org.springframework.aop.target.SimpleBeanTargetSource.getTarget(SimpleBeanTargetSource.java:35) ~[spring-aop-5.2.2.RELEASE.jar:5.2.2.RELEASE]
	at org.springframework.cloud.netflix.eureka.serviceregistry.EurekaRegistration.getTargetObject(EurekaRegistration.java:129) ~[spring-cloud-netflix-eureka-client-2.2.0.RELEASE.jar:2.2.0.RELEASE]
	at org.springframework.cloud.netflix.eureka.serviceregistry.EurekaRegistration.getEurekaClient(EurekaRegistration.java:117) [spring-cloud-netflix-eureka-client-2.2.0.RELEASE.jar:2.2.0.RELEASE]
	at sun.reflect.NativeMethodAccessorImpl.invoke0(Native Method) ~[?:1.8.0_192]
	at sun.reflect.NativeMethodAccessorImpl.invoke(NativeMethodAccessorImpl.java:62) ~[?:1.8.0_192]
	at sun.reflect.DelegatingMethodAccessorImpl.invoke(DelegatingMethodAccessorImpl.java:43) ~[?:1.8.0_192]
	at java.lang.reflect.Method.invoke(Method.java:498) ~[?:1.8.0_192]
	at org.springframework.util.ReflectionUtils.invokeMethod(ReflectionUtils.java:282) [spring-core-5.2.2.RELEASE.jar:5.2.2.RELEASE]
	at org.springframework.cloud.context.scope.GenericScope$LockedScopedProxyFactoryBean.invoke(GenericScope.java:499) [spring-cloud-context-2.2.0.RELEASE.jar:2.2.0.RELEASE]
	at org.springframework.aop.framework.ReflectiveMethodInvocation.proceed(ReflectiveMethodInvocation.java:186) [spring-aop-5.2.2.RELEASE.jar:5.2.2.RELEASE]
	at org.springframework.aop.framework.CglibAopProxy$CglibMethodInvocation.proceed(CglibAopProxy.java:747) [spring-aop-5.2.2.RELEASE.jar:5.2.2.RELEASE]
	at org.springframework.aop.framework.CglibAopProxy$DynamicAdvisedInterceptor.intercept(CglibAopProxy.java:689) [spring-aop-5.2.2.RELEASE.jar:5.2.2.RELEASE]
	at org.springframework.cloud.netflix.eureka.serviceregistry.EurekaRegistration$$EnhancerBySpringCGLIB$$92d73348.getEurekaClient(<generated>) [spring-cloud-netflix-eureka-client-2.2.0.RELEASE.jar:2.2.0.RELEASE]
	at org.springframework.cloud.netflix.eureka.serviceregistry.EurekaServiceRegistry.maybeInitializeClient(EurekaServiceRegistry.java:57) [spring-cloud-netflix-eureka-client-2.2.0.RELEASE.jar:2.2.0.RELEASE]
	at org.springframework.cloud.netflix.eureka.serviceregistry.EurekaServiceRegistry.register(EurekaServiceRegistry.java:38) [spring-cloud-netflix-eureka-client-2.2.0.RELEASE.jar:2.2.0.RELEASE]
	at org.springframework.cloud.netflix.eureka.serviceregistry.EurekaAutoServiceRegistration.start(EurekaAutoServiceRegistration.java:83) [spring-cloud-netflix-eureka-client-2.2.0.RELEASE.jar:2.2.0.RELEASE]
	at org.springframework.context.support.DefaultLifecycleProcessor.doStart(DefaultLifecycleProcessor.java:182) [spring-context-5.2.2.RELEASE.jar:5.2.2.RELEASE]
	at org.springframework.context.support.DefaultLifecycleProcessor.access$200(DefaultLifecycleProcessor.java:53) [spring-context-5.2.2.RELEASE.jar:5.2.2.RELEASE]
	at org.springframework.context.support.DefaultLifecycleProcessor$LifecycleGroup.start(DefaultLifecycleProcessor.java:360) [spring-context-5.2.2.RELEASE.jar:5.2.2.RELEASE]
	at org.springframework.context.support.DefaultLifecycleProcessor.startBeans(DefaultLifecycleProcessor.java:158) [spring-context-5.2.2.RELEASE.jar:5.2.2.RELEASE]
	at org.springframework.context.support.DefaultLifecycleProcessor.onRefresh(DefaultLifecycleProcessor.java:122) [spring-context-5.2.2.RELEASE.jar:5.2.2.RELEASE]
	at org.springframework.context.support.AbstractApplicationContext.finishRefresh(AbstractApplicationContext.java:894) [spring-context-5.2.2.RELEASE.jar:5.2.2.RELEASE]
	at org.springframework.context.support.AbstractApplicationContext.refresh(AbstractApplicationContext.java:553) [spring-context-5.2.2.RELEASE.jar:5.2.2.RELEASE]
	at org.springframework.boot.SpringApplication.refresh(SpringApplication.java:747) [spring-boot-2.2.2.RELEASE.jar:2.2.2.RELEASE]
	at org.springframework.boot.SpringApplication.refreshContext(SpringApplication.java:397) [spring-boot-2.2.2.RELEASE.jar:2.2.2.RELEASE]
	at org.springframework.boot.SpringApplication.run(SpringApplication.java:315) [spring-boot-2.2.2.RELEASE.jar:2.2.2.RELEASE]
	at org.springframework.boot.SpringApplication.run(SpringApplication.java:1226) [spring-boot-2.2.2.RELEASE.jar:2.2.2.RELEASE]
	at org.springframework.boot.SpringApplication.run(SpringApplication.java:1215) [spring-boot-2.2.2.RELEASE.jar:2.2.2.RELEASE]
	at com.graduation.library.LibraryWriteApplication.main(LibraryWriteApplication.java:21) [classes/:?]
Caused by: org.springframework.beans.BeanInstantiationException: Failed to instantiate [com.netflix.discovery.EurekaClient]: Factory method 'eurekaClient' threw exception; nested exception is java.lang.NoClassDefFoundError: com/google/common/base/Function
	at org.springframework.beans.factory.support.SimpleInstantiationStrategy.instantiate(SimpleInstantiationStrategy.java:185) ~[spring-beans-5.2.2.RELEASE.jar:5.2.2.RELEASE]
	at org.springframework.beans.factory.support.ConstructorResolver.instantiate(ConstructorResolver.java:651) ~[spring-beans-5.2.2.RELEASE.jar:5.2.2.RELEASE]
	... 39 more
Caused by: java.lang.NoClassDefFoundError: com/google/common/base/Function
	at java.lang.ClassLoader.defineClass1(Native Method) ~[?:1.8.0_192]
	at java.lang.ClassLoader.defineClass(ClassLoader.java:763) ~[?:1.8.0_192]
	at java.security.SecureClassLoader.defineClass(SecureClassLoader.java:142) ~[?:1.8.0_192]
	at java.net.URLClassLoader.defineClass(URLClassLoader.java:468) ~[?:1.8.0_192]
	at java.net.URLClassLoader.access$100(URLClassLoader.java:74) ~[?:1.8.0_192]
	at java.net.URLClassLoader$1.run(URLClassLoader.java:369) ~[?:1.8.0_192]
	at java.net.URLClassLoader$1.run(URLClassLoader.java:363) ~[?:1.8.0_192]
	at java.security.AccessController.doPrivileged(Native Method) ~[?:1.8.0_192]
	at java.net.URLClassLoader.findClass(URLClassLoader.java:362) ~[?:1.8.0_192]
	at java.lang.ClassLoader.loadClass(ClassLoader.java:424) ~[?:1.8.0_192]
	at sun.misc.Launcher$AppClassLoader.loadClass(Launcher.java:349) ~[?:1.8.0_192]
	at java.lang.ClassLoader.loadClass(ClassLoader.java:357) ~[?:1.8.0_192]
	at com.netflix.servo.monitor.Monitors.<clinit>(Monitors.java:74) ~[servo-core-0.12.21.jar:0.12.21]
	at com.netflix.discovery.DiscoveryClient.<init>(DiscoveryClient.java:132) ~[eureka-client-1.9.13.jar:1.9.13]
	at com.netflix.discovery.DiscoveryClient.<init>(DiscoveryClient.java:276) ~[eureka-client-1.9.13.jar:1.9.13]
	at com.netflix.discovery.DiscoveryClient.<init>(DiscoveryClient.java:272) ~[eureka-client-1.9.13.jar:1.9.13]
	at org.springframework.cloud.netflix.eureka.CloudEurekaClient.<init>(CloudEurekaClient.java:67) ~[spring-cloud-netflix-eureka-client-2.2.0.RELEASE.jar:2.2.0.RELEASE]
	at org.springframework.cloud.netflix.eureka.EurekaClientAutoConfiguration$RefreshableEurekaClientConfiguration.eurekaClient(EurekaClientAutoConfiguration.java:324) ~[spring-cloud-netflix-eureka-client-2.2.0.RELEASE.jar:2.2.0.RELEASE]
	at sun.reflect.NativeMethodAccessorImpl.invoke0(Native Method) ~[?:1.8.0_192]
	at sun.reflect.NativeMethodAccessorImpl.invoke(NativeMethodAccessorImpl.java:62) ~[?:1.8.0_192]
	at sun.reflect.DelegatingMethodAccessorImpl.invoke(DelegatingMethodAccessorImpl.java:43) ~[?:1.8.0_192]
	at java.lang.reflect.Method.invoke(Method.java:498) ~[?:1.8.0_192]
	at org.springframework.beans.factory.support.SimpleInstantiationStrategy.instantiate(SimpleInstantiationStrategy.java:154) ~[spring-beans-5.2.2.RELEASE.jar:5.2.2.RELEASE]
	at org.springframework.beans.factory.support.ConstructorResolver.instantiate(ConstructorResolver.java:651) ~[spring-beans-5.2.2.RELEASE.jar:5.2.2.RELEASE]
	... 39 more
Caused by: java.lang.ClassNotFoundException: com.google.common.base.Function
	at java.net.URLClassLoader.findClass(URLClassLoader.java:382) ~[?:1.8.0_192]
	at java.lang.ClassLoader.loadClass(ClassLoader.java:424) ~[?:1.8.0_192]
	at sun.misc.Launcher$AppClassLoader.loadClass(Launcher.java:349) ~[?:1.8.0_192]
	at java.lang.ClassLoader.loadClass(ClassLoader.java:357) ~[?:1.8.0_192]
	at java.lang.ClassLoader.defineClass1(Native Method) ~[?:1.8.0_192]
	at java.lang.ClassLoader.defineClass(ClassLoader.java:763) ~[?:1.8.0_192]
	at java.security.SecureClassLoader.defineClass(SecureClassLoader.java:142) ~[?:1.8.0_192]
	at java.net.URLClassLoader.defineClass(URLClassLoader.java:468) ~[?:1.8.0_192]
	at java.net.URLClassLoader.access$100(URLClassLoader.java:74) ~[?:1.8.0_192]
	at java.net.URLClassLoader$1.run(URLClassLoader.java:369) ~[?:1.8.0_192]
	at java.net.URLClassLoader$1.run(URLClassLoader.java:363) ~[?:1.8.0_192]
	at java.security.AccessController.doPrivileged(Native Method) ~[?:1.8.0_192]
	at java.net.URLClassLoader.findClass(URLClassLoader.java:362) ~[?:1.8.0_192]
	at java.lang.ClassLoader.loadClass(ClassLoader.java:424) ~[?:1.8.0_192]
	at sun.misc.Launcher$AppClassLoader.loadClass(Launcher.java:349) ~[?:1.8.0_192]
	at java.lang.ClassLoader.loadClass(ClassLoader.java:357) ~[?:1.8.0_192]
	at com.netflix.servo.monitor.Monitors.<clinit>(Monitors.java:74) ~[servo-core-0.12.21.jar:0.12.21]
	at com.netflix.discovery.DiscoveryClient.<init>(DiscoveryClient.java:132) ~[eureka-client-1.9.13.jar:1.9.13]
	at com.netflix.discovery.DiscoveryClient.<init>(DiscoveryClient.java:276) ~[eureka-client-1.9.13.jar:1.9.13]
	at com.netflix.discovery.DiscoveryClient.<init>(DiscoveryClient.java:272) ~[eureka-client-1.9.13.jar:1.9.13]
	at org.springframework.cloud.netflix.eureka.CloudEurekaClient.<init>(CloudEurekaClient.java:67) ~[spring-cloud-netflix-eureka-client-2.2.0.RELEASE.jar:2.2.0.RELEASE]
	at org.springframework.cloud.netflix.eureka.EurekaClientAutoConfiguration$RefreshableEurekaClientConfiguration.eurekaClient(EurekaClientAutoConfiguration.java:324) ~[spring-cloud-netflix-eureka-client-2.2.0.RELEASE.jar:2.2.0.RELEASE]
	at sun.reflect.NativeMethodAccessorImpl.invoke0(Native Method) ~[?:1.8.0_192]
	at sun.reflect.NativeMethodAccessorImpl.invoke(NativeMethodAccessorImpl.java:62) ~[?:1.8.0_192]
	at sun.reflect.DelegatingMethodAccessorImpl.invoke(DelegatingMethodAccessorImpl.java:43) ~[?:1.8.0_192]
	at java.lang.reflect.Method.invoke(Method.java:498) ~[?:1.8.0_192]
	at org.springframework.beans.factory.support.SimpleInstantiationStrategy.instantiate(SimpleInstantiationStrategy.java:154) ~[spring-beans-5.2.2.RELEASE.jar:5.2.2.RELEASE]
	at org.springframework.beans.factory.support.ConstructorResolver.instantiate(ConstructorResolver.java:651) ~[spring-beans-5.2.2.RELEASE.jar:5.2.2.RELEASE]
	... 39 more
2019-12-24 15:00:39,070 [main] [,] [WARN ] - Exception encountered during context initialization - cancelling refresh attempt: org.springframework.context.ApplicationContextException: Failed to start bean 'eurekaAutoServiceRegistration'; nested exception is java.lang.NullPointerException
2019-12-24 15:00:39,071 [main] [,] [INFO ] - {dataSource-1} closed
2019-12-24 15:00:39,078 [main] [,] [INFO ] - 

Error starting ApplicationContext. To display the conditions report re-run your application with 'debug' enabled.
2019-12-24 15:00:39,086 [main] [,] [ERROR] - Application run failed
org.springframework.context.ApplicationContextException: Failed to start bean 'eurekaAutoServiceRegistration'; nested exception is java.lang.NullPointerException
	at org.springframework.context.support.DefaultLifecycleProcessor.doStart(DefaultLifecycleProcessor.java:185) ~[spring-context-5.2.2.RELEASE.jar:5.2.2.RELEASE]
	at org.springframework.context.support.DefaultLifecycleProcessor.access$200(DefaultLifecycleProcessor.java:53) ~[spring-context-5.2.2.RELEASE.jar:5.2.2.RELEASE]
	at org.springframework.context.support.DefaultLifecycleProcessor$LifecycleGroup.start(DefaultLifecycleProcessor.java:360) ~[spring-context-5.2.2.RELEASE.jar:5.2.2.RELEASE]
	at org.springframework.context.support.DefaultLifecycleProcessor.startBeans(DefaultLifecycleProcessor.java:158) ~[spring-context-5.2.2.RELEASE.jar:5.2.2.RELEASE]
	at org.springframework.context.support.DefaultLifecycleProcessor.onRefresh(DefaultLifecycleProcessor.java:122) ~[spring-context-5.2.2.RELEASE.jar:5.2.2.RELEASE]
	at org.springframework.context.support.AbstractApplicationContext.finishRefresh(AbstractApplicationContext.java:894) ~[spring-context-5.2.2.RELEASE.jar:5.2.2.RELEASE]
	at org.springframework.context.support.AbstractApplicationContext.refresh(AbstractApplicationContext.java:553) ~[spring-context-5.2.2.RELEASE.jar:5.2.2.RELEASE]
	at org.springframework.boot.SpringApplication.refresh(SpringApplication.java:747) [spring-boot-2.2.2.RELEASE.jar:2.2.2.RELEASE]
	at org.springframework.boot.SpringApplication.refreshContext(SpringApplication.java:397) [spring-boot-2.2.2.RELEASE.jar:2.2.2.RELEASE]
	at org.springframework.boot.SpringApplication.run(SpringApplication.java:315) [spring-boot-2.2.2.RELEASE.jar:2.2.2.RELEASE]
	at org.springframework.boot.SpringApplication.run(SpringApplication.java:1226) [spring-boot-2.2.2.RELEASE.jar:2.2.2.RELEASE]
	at org.springframework.boot.SpringApplication.run(SpringApplication.java:1215) [spring-boot-2.2.2.RELEASE.jar:2.2.2.RELEASE]
	at com.graduation.library.LibraryWriteApplication.main(LibraryWriteApplication.java:21) [classes/:?]
Caused by: java.lang.NullPointerException
	at org.springframework.cloud.netflix.eureka.serviceregistry.EurekaServiceRegistry.maybeInitializeClient(EurekaServiceRegistry.java:57) ~[spring-cloud-netflix-eureka-client-2.2.0.RELEASE.jar:2.2.0.RELEASE]
	at org.springframework.cloud.netflix.eureka.serviceregistry.EurekaServiceRegistry.register(EurekaServiceRegistry.java:38) ~[spring-cloud-netflix-eureka-client-2.2.0.RELEASE.jar:2.2.0.RELEASE]
	at org.springframework.cloud.netflix.eureka.serviceregistry.EurekaAutoServiceRegistration.start(EurekaAutoServiceRegistration.java:83) ~[spring-cloud-netflix-eureka-client-2.2.0.RELEASE.jar:2.2.0.RELEASE]
	at org.springframework.context.support.DefaultLifecycleProcessor.doStart(DefaultLifecycleProcessor.java:182) ~[spring-context-5.2.2.RELEASE.jar:5.2.2.RELEASE]
	... 12 more
2019-12-24 15:07:05,418 [main] [,] [INFO ] - No active profile set, falling back to default profiles: default
2019-12-24 15:07:05,600 [main] [,] [WARN ] - No MyBatis mapper was found in '[com.graduation.library]' package. Please check your configuration.
2019-12-24 15:07:05,716 [main] [,] [INFO ] - BeanFactory id=308b7487-abeb-37dd-8598-a5874c9e5c4c
2019-12-24 15:07:05,758 [main] [,] [INFO ] - Bean 'org.springframework.transaction.annotation.ProxyTransactionManagementConfiguration' of type [org.springframework.transaction.annotation.ProxyTransactionManagementConfiguration] is not eligible for getting processed by all BeanPostProcessors (for example: not eligible for auto-proxying)
2019-12-24 15:07:05,773 [main] [,] [INFO ] - Bean 'org.springframework.cloud.autoconfigure.ConfigurationPropertiesRebinderAutoConfiguration' of type [org.springframework.cloud.autoconfigure.ConfigurationPropertiesRebinderAutoConfiguration] is not eligible for getting processed by all BeanPostProcessors (for example: not eligible for auto-proxying)
2019-12-24 15:07:05,807 [main] [,] [INFO ] - Init DruidDataSource
2019-12-24 15:07:05,868 [main] [,] [INFO ] - {dataSource-1} inited
2019-12-24 15:07:07,102 [main] [,] [WARN ] - You already have RibbonLoadBalancerClient on your classpath. It will be used by default. As Spring Cloud Ribbon is in maintenance mode. We recommend switching to BlockingLoadBalancerClient instead. In order to use it, set the value of `spring.cloud.loadbalancer.ribbon.enabled` to `false` or remove spring-cloud-starter-netflix-ribbon from your project.
2019-12-24 15:07:07,120 [main] [,] [WARN ] - Spring Cloud LoadBalancer is currently working with default default cache. You can switch to using Caffeine cache, by adding it to the classpath.
2019-12-24 15:07:07,166 [main] [,] [INFO ] - Setting initial instance status as: STARTING
2019-12-24 15:07:07,170 [main] [,] [ERROR] - error getting CloudEurekaClient
org.springframework.beans.factory.BeanCreationException: Error creating bean with name 'scopedTarget.eurekaClient' defined in class path resource [org/springframework/cloud/netflix/eureka/EurekaClientAutoConfiguration$RefreshableEurekaClientConfiguration.class]: Bean instantiation via factory method failed; nested exception is org.springframework.beans.BeanInstantiationException: Failed to instantiate [com.netflix.discovery.EurekaClient]: Factory method 'eurekaClient' threw exception; nested exception is java.lang.NoClassDefFoundError: com/google/common/base/Function
	at org.springframework.beans.factory.support.ConstructorResolver.instantiate(ConstructorResolver.java:656) ~[spring-beans-5.2.2.RELEASE.jar:5.2.2.RELEASE]
	at org.springframework.beans.factory.support.ConstructorResolver.instantiateUsingFactoryMethod(ConstructorResolver.java:636) ~[spring-beans-5.2.2.RELEASE.jar:5.2.2.RELEASE]
	at org.springframework.beans.factory.support.AbstractAutowireCapableBeanFactory.instantiateUsingFactoryMethod(AbstractAutowireCapableBeanFactory.java:1338) ~[spring-beans-5.2.2.RELEASE.jar:5.2.2.RELEASE]
	at org.springframework.beans.factory.support.AbstractAutowireCapableBeanFactory.createBeanInstance(AbstractAutowireCapableBeanFactory.java:1177) ~[spring-beans-5.2.2.RELEASE.jar:5.2.2.RELEASE]
	at org.springframework.beans.factory.support.AbstractAutowireCapableBeanFactory.doCreateBean(AbstractAutowireCapableBeanFactory.java:557) ~[spring-beans-5.2.2.RELEASE.jar:5.2.2.RELEASE]
	at org.springframework.beans.factory.support.AbstractAutowireCapableBeanFactory.createBean(AbstractAutowireCapableBeanFactory.java:517) ~[spring-beans-5.2.2.RELEASE.jar:5.2.2.RELEASE]
	at org.springframework.beans.factory.support.AbstractBeanFactory.lambda$doGetBean$1(AbstractBeanFactory.java:359) ~[spring-beans-5.2.2.RELEASE.jar:5.2.2.RELEASE]
	at org.springframework.cloud.context.scope.GenericScope$BeanLifecycleWrapper.getBean(GenericScope.java:389) ~[spring-cloud-context-2.2.0.RELEASE.jar:2.2.0.RELEASE]
	at org.springframework.cloud.context.scope.GenericScope.get(GenericScope.java:186) ~[spring-cloud-context-2.2.0.RELEASE.jar:2.2.0.RELEASE]
	at org.springframework.beans.factory.support.AbstractBeanFactory.doGetBean(AbstractBeanFactory.java:356) ~[spring-beans-5.2.2.RELEASE.jar:5.2.2.RELEASE]
	at org.springframework.beans.factory.support.AbstractBeanFactory.getBean(AbstractBeanFactory.java:202) ~[spring-beans-5.2.2.RELEASE.jar:5.2.2.RELEASE]
	at org.springframework.aop.target.SimpleBeanTargetSource.getTarget(SimpleBeanTargetSource.java:35) ~[spring-aop-5.2.2.RELEASE.jar:5.2.2.RELEASE]
	at org.springframework.cloud.netflix.eureka.serviceregistry.EurekaRegistration.getTargetObject(EurekaRegistration.java:129) ~[spring-cloud-netflix-eureka-client-2.2.0.RELEASE.jar:2.2.0.RELEASE]
	at org.springframework.cloud.netflix.eureka.serviceregistry.EurekaRegistration.getEurekaClient(EurekaRegistration.java:117) [spring-cloud-netflix-eureka-client-2.2.0.RELEASE.jar:2.2.0.RELEASE]
	at sun.reflect.NativeMethodAccessorImpl.invoke0(Native Method) ~[?:1.8.0_192]
	at sun.reflect.NativeMethodAccessorImpl.invoke(NativeMethodAccessorImpl.java:62) ~[?:1.8.0_192]
	at sun.reflect.DelegatingMethodAccessorImpl.invoke(DelegatingMethodAccessorImpl.java:43) ~[?:1.8.0_192]
	at java.lang.reflect.Method.invoke(Method.java:498) ~[?:1.8.0_192]
	at org.springframework.util.ReflectionUtils.invokeMethod(ReflectionUtils.java:282) [spring-core-5.2.2.RELEASE.jar:5.2.2.RELEASE]
	at org.springframework.cloud.context.scope.GenericScope$LockedScopedProxyFactoryBean.invoke(GenericScope.java:499) [spring-cloud-context-2.2.0.RELEASE.jar:2.2.0.RELEASE]
	at org.springframework.aop.framework.ReflectiveMethodInvocation.proceed(ReflectiveMethodInvocation.java:186) [spring-aop-5.2.2.RELEASE.jar:5.2.2.RELEASE]
	at org.springframework.aop.framework.CglibAopProxy$CglibMethodInvocation.proceed(CglibAopProxy.java:747) [spring-aop-5.2.2.RELEASE.jar:5.2.2.RELEASE]
	at org.springframework.aop.framework.CglibAopProxy$DynamicAdvisedInterceptor.intercept(CglibAopProxy.java:689) [spring-aop-5.2.2.RELEASE.jar:5.2.2.RELEASE]
	at org.springframework.cloud.netflix.eureka.serviceregistry.EurekaRegistration$$EnhancerBySpringCGLIB$$92d73348.getEurekaClient(<generated>) [spring-cloud-netflix-eureka-client-2.2.0.RELEASE.jar:2.2.0.RELEASE]
	at org.springframework.cloud.netflix.eureka.serviceregistry.EurekaServiceRegistry.maybeInitializeClient(EurekaServiceRegistry.java:57) [spring-cloud-netflix-eureka-client-2.2.0.RELEASE.jar:2.2.0.RELEASE]
	at org.springframework.cloud.netflix.eureka.serviceregistry.EurekaServiceRegistry.register(EurekaServiceRegistry.java:38) [spring-cloud-netflix-eureka-client-2.2.0.RELEASE.jar:2.2.0.RELEASE]
	at org.springframework.cloud.netflix.eureka.serviceregistry.EurekaAutoServiceRegistration.start(EurekaAutoServiceRegistration.java:83) [spring-cloud-netflix-eureka-client-2.2.0.RELEASE.jar:2.2.0.RELEASE]
	at org.springframework.context.support.DefaultLifecycleProcessor.doStart(DefaultLifecycleProcessor.java:182) [spring-context-5.2.2.RELEASE.jar:5.2.2.RELEASE]
	at org.springframework.context.support.DefaultLifecycleProcessor.access$200(DefaultLifecycleProcessor.java:53) [spring-context-5.2.2.RELEASE.jar:5.2.2.RELEASE]
	at org.springframework.context.support.DefaultLifecycleProcessor$LifecycleGroup.start(DefaultLifecycleProcessor.java:360) [spring-context-5.2.2.RELEASE.jar:5.2.2.RELEASE]
	at org.springframework.context.support.DefaultLifecycleProcessor.startBeans(DefaultLifecycleProcessor.java:158) [spring-context-5.2.2.RELEASE.jar:5.2.2.RELEASE]
	at org.springframework.context.support.DefaultLifecycleProcessor.onRefresh(DefaultLifecycleProcessor.java:122) [spring-context-5.2.2.RELEASE.jar:5.2.2.RELEASE]
	at org.springframework.context.support.AbstractApplicationContext.finishRefresh(AbstractApplicationContext.java:894) [spring-context-5.2.2.RELEASE.jar:5.2.2.RELEASE]
	at org.springframework.context.support.AbstractApplicationContext.refresh(AbstractApplicationContext.java:553) [spring-context-5.2.2.RELEASE.jar:5.2.2.RELEASE]
	at org.springframework.boot.SpringApplication.refresh(SpringApplication.java:747) [spring-boot-2.2.2.RELEASE.jar:2.2.2.RELEASE]
	at org.springframework.boot.SpringApplication.refreshContext(SpringApplication.java:397) [spring-boot-2.2.2.RELEASE.jar:2.2.2.RELEASE]
	at org.springframework.boot.SpringApplication.run(SpringApplication.java:315) [spring-boot-2.2.2.RELEASE.jar:2.2.2.RELEASE]
	at org.springframework.boot.SpringApplication.run(SpringApplication.java:1226) [spring-boot-2.2.2.RELEASE.jar:2.2.2.RELEASE]
	at org.springframework.boot.SpringApplication.run(SpringApplication.java:1215) [spring-boot-2.2.2.RELEASE.jar:2.2.2.RELEASE]
	at com.graduation.library.LibraryWriteApplication.main(LibraryWriteApplication.java:16) [classes/:?]
Caused by: org.springframework.beans.BeanInstantiationException: Failed to instantiate [com.netflix.discovery.EurekaClient]: Factory method 'eurekaClient' threw exception; nested exception is java.lang.NoClassDefFoundError: com/google/common/base/Function
	at org.springframework.beans.factory.support.SimpleInstantiationStrategy.instantiate(SimpleInstantiationStrategy.java:185) ~[spring-beans-5.2.2.RELEASE.jar:5.2.2.RELEASE]
	at org.springframework.beans.factory.support.ConstructorResolver.instantiate(ConstructorResolver.java:651) ~[spring-beans-5.2.2.RELEASE.jar:5.2.2.RELEASE]
	... 39 more
Caused by: java.lang.NoClassDefFoundError: com/google/common/base/Function
	at java.lang.ClassLoader.defineClass1(Native Method) ~[?:1.8.0_192]
	at java.lang.ClassLoader.defineClass(ClassLoader.java:763) ~[?:1.8.0_192]
	at java.security.SecureClassLoader.defineClass(SecureClassLoader.java:142) ~[?:1.8.0_192]
	at java.net.URLClassLoader.defineClass(URLClassLoader.java:468) ~[?:1.8.0_192]
	at java.net.URLClassLoader.access$100(URLClassLoader.java:74) ~[?:1.8.0_192]
	at java.net.URLClassLoader$1.run(URLClassLoader.java:369) ~[?:1.8.0_192]
	at java.net.URLClassLoader$1.run(URLClassLoader.java:363) ~[?:1.8.0_192]
	at java.security.AccessController.doPrivileged(Native Method) ~[?:1.8.0_192]
	at java.net.URLClassLoader.findClass(URLClassLoader.java:362) ~[?:1.8.0_192]
	at java.lang.ClassLoader.loadClass(ClassLoader.java:424) ~[?:1.8.0_192]
	at sun.misc.Launcher$AppClassLoader.loadClass(Launcher.java:349) ~[?:1.8.0_192]
	at java.lang.ClassLoader.loadClass(ClassLoader.java:357) ~[?:1.8.0_192]
	at com.netflix.servo.monitor.Monitors.<clinit>(Monitors.java:74) ~[servo-core-0.12.21.jar:0.12.21]
	at com.netflix.discovery.DiscoveryClient.<init>(DiscoveryClient.java:132) ~[eureka-client-1.9.13.jar:1.9.13]
	at com.netflix.discovery.DiscoveryClient.<init>(DiscoveryClient.java:276) ~[eureka-client-1.9.13.jar:1.9.13]
	at com.netflix.discovery.DiscoveryClient.<init>(DiscoveryClient.java:272) ~[eureka-client-1.9.13.jar:1.9.13]
	at org.springframework.cloud.netflix.eureka.CloudEurekaClient.<init>(CloudEurekaClient.java:67) ~[spring-cloud-netflix-eureka-client-2.2.0.RELEASE.jar:2.2.0.RELEASE]
	at org.springframework.cloud.netflix.eureka.EurekaClientAutoConfiguration$RefreshableEurekaClientConfiguration.eurekaClient(EurekaClientAutoConfiguration.java:324) ~[spring-cloud-netflix-eureka-client-2.2.0.RELEASE.jar:2.2.0.RELEASE]
	at sun.reflect.NativeMethodAccessorImpl.invoke0(Native Method) ~[?:1.8.0_192]
	at sun.reflect.NativeMethodAccessorImpl.invoke(NativeMethodAccessorImpl.java:62) ~[?:1.8.0_192]
	at sun.reflect.DelegatingMethodAccessorImpl.invoke(DelegatingMethodAccessorImpl.java:43) ~[?:1.8.0_192]
	at java.lang.reflect.Method.invoke(Method.java:498) ~[?:1.8.0_192]
	at org.springframework.beans.factory.support.SimpleInstantiationStrategy.instantiate(SimpleInstantiationStrategy.java:154) ~[spring-beans-5.2.2.RELEASE.jar:5.2.2.RELEASE]
	at org.springframework.beans.factory.support.ConstructorResolver.instantiate(ConstructorResolver.java:651) ~[spring-beans-5.2.2.RELEASE.jar:5.2.2.RELEASE]
	... 39 more
Caused by: java.lang.ClassNotFoundException: com.google.common.base.Function
	at java.net.URLClassLoader.findClass(URLClassLoader.java:382) ~[?:1.8.0_192]
	at java.lang.ClassLoader.loadClass(ClassLoader.java:424) ~[?:1.8.0_192]
	at sun.misc.Launcher$AppClassLoader.loadClass(Launcher.java:349) ~[?:1.8.0_192]
	at java.lang.ClassLoader.loadClass(ClassLoader.java:357) ~[?:1.8.0_192]
	at java.lang.ClassLoader.defineClass1(Native Method) ~[?:1.8.0_192]
	at java.lang.ClassLoader.defineClass(ClassLoader.java:763) ~[?:1.8.0_192]
	at java.security.SecureClassLoader.defineClass(SecureClassLoader.java:142) ~[?:1.8.0_192]
	at java.net.URLClassLoader.defineClass(URLClassLoader.java:468) ~[?:1.8.0_192]
	at java.net.URLClassLoader.access$100(URLClassLoader.java:74) ~[?:1.8.0_192]
	at java.net.URLClassLoader$1.run(URLClassLoader.java:369) ~[?:1.8.0_192]
	at java.net.URLClassLoader$1.run(URLClassLoader.java:363) ~[?:1.8.0_192]
	at java.security.AccessController.doPrivileged(Native Method) ~[?:1.8.0_192]
	at java.net.URLClassLoader.findClass(URLClassLoader.java:362) ~[?:1.8.0_192]
	at java.lang.ClassLoader.loadClass(ClassLoader.java:424) ~[?:1.8.0_192]
	at sun.misc.Launcher$AppClassLoader.loadClass(Launcher.java:349) ~[?:1.8.0_192]
	at java.lang.ClassLoader.loadClass(ClassLoader.java:357) ~[?:1.8.0_192]
	at com.netflix.servo.monitor.Monitors.<clinit>(Monitors.java:74) ~[servo-core-0.12.21.jar:0.12.21]
	at com.netflix.discovery.DiscoveryClient.<init>(DiscoveryClient.java:132) ~[eureka-client-1.9.13.jar:1.9.13]
	at com.netflix.discovery.DiscoveryClient.<init>(DiscoveryClient.java:276) ~[eureka-client-1.9.13.jar:1.9.13]
	at com.netflix.discovery.DiscoveryClient.<init>(DiscoveryClient.java:272) ~[eureka-client-1.9.13.jar:1.9.13]
	at org.springframework.cloud.netflix.eureka.CloudEurekaClient.<init>(CloudEurekaClient.java:67) ~[spring-cloud-netflix-eureka-client-2.2.0.RELEASE.jar:2.2.0.RELEASE]
	at org.springframework.cloud.netflix.eureka.EurekaClientAutoConfiguration$RefreshableEurekaClientConfiguration.eurekaClient(EurekaClientAutoConfiguration.java:324) ~[spring-cloud-netflix-eureka-client-2.2.0.RELEASE.jar:2.2.0.RELEASE]
	at sun.reflect.NativeMethodAccessorImpl.invoke0(Native Method) ~[?:1.8.0_192]
	at sun.reflect.NativeMethodAccessorImpl.invoke(NativeMethodAccessorImpl.java:62) ~[?:1.8.0_192]
	at sun.reflect.DelegatingMethodAccessorImpl.invoke(DelegatingMethodAccessorImpl.java:43) ~[?:1.8.0_192]
	at java.lang.reflect.Method.invoke(Method.java:498) ~[?:1.8.0_192]
	at org.springframework.beans.factory.support.SimpleInstantiationStrategy.instantiate(SimpleInstantiationStrategy.java:154) ~[spring-beans-5.2.2.RELEASE.jar:5.2.2.RELEASE]
	at org.springframework.beans.factory.support.ConstructorResolver.instantiate(ConstructorResolver.java:651) ~[spring-beans-5.2.2.RELEASE.jar:5.2.2.RELEASE]
	... 39 more
2019-12-24 15:07:07,175 [main] [,] [WARN ] - Exception encountered during context initialization - cancelling refresh attempt: org.springframework.context.ApplicationContextException: Failed to start bean 'eurekaAutoServiceRegistration'; nested exception is java.lang.NullPointerException
2019-12-24 15:07:07,176 [main] [,] [INFO ] - {dataSource-1} closed
2019-12-24 15:07:07,182 [main] [,] [INFO ] - 

Error starting ApplicationContext. To display the conditions report re-run your application with 'debug' enabled.
2019-12-24 15:07:07,188 [main] [,] [ERROR] - Application run failed
org.springframework.context.ApplicationContextException: Failed to start bean 'eurekaAutoServiceRegistration'; nested exception is java.lang.NullPointerException
	at org.springframework.context.support.DefaultLifecycleProcessor.doStart(DefaultLifecycleProcessor.java:185) ~[spring-context-5.2.2.RELEASE.jar:5.2.2.RELEASE]
	at org.springframework.context.support.DefaultLifecycleProcessor.access$200(DefaultLifecycleProcessor.java:53) ~[spring-context-5.2.2.RELEASE.jar:5.2.2.RELEASE]
	at org.springframework.context.support.DefaultLifecycleProcessor$LifecycleGroup.start(DefaultLifecycleProcessor.java:360) ~[spring-context-5.2.2.RELEASE.jar:5.2.2.RELEASE]
	at org.springframework.context.support.DefaultLifecycleProcessor.startBeans(DefaultLifecycleProcessor.java:158) ~[spring-context-5.2.2.RELEASE.jar:5.2.2.RELEASE]
	at org.springframework.context.support.DefaultLifecycleProcessor.onRefresh(DefaultLifecycleProcessor.java:122) ~[spring-context-5.2.2.RELEASE.jar:5.2.2.RELEASE]
	at org.springframework.context.support.AbstractApplicationContext.finishRefresh(AbstractApplicationContext.java:894) ~[spring-context-5.2.2.RELEASE.jar:5.2.2.RELEASE]
	at org.springframework.context.support.AbstractApplicationContext.refresh(AbstractApplicationContext.java:553) ~[spring-context-5.2.2.RELEASE.jar:5.2.2.RELEASE]
	at org.springframework.boot.SpringApplication.refresh(SpringApplication.java:747) [spring-boot-2.2.2.RELEASE.jar:2.2.2.RELEASE]
	at org.springframework.boot.SpringApplication.refreshContext(SpringApplication.java:397) [spring-boot-2.2.2.RELEASE.jar:2.2.2.RELEASE]
	at org.springframework.boot.SpringApplication.run(SpringApplication.java:315) [spring-boot-2.2.2.RELEASE.jar:2.2.2.RELEASE]
	at org.springframework.boot.SpringApplication.run(SpringApplication.java:1226) [spring-boot-2.2.2.RELEASE.jar:2.2.2.RELEASE]
	at org.springframework.boot.SpringApplication.run(SpringApplication.java:1215) [spring-boot-2.2.2.RELEASE.jar:2.2.2.RELEASE]
	at com.graduation.library.LibraryWriteApplication.main(LibraryWriteApplication.java:16) [classes/:?]
Caused by: java.lang.NullPointerException
	at org.springframework.cloud.netflix.eureka.serviceregistry.EurekaServiceRegistry.maybeInitializeClient(EurekaServiceRegistry.java:57) ~[spring-cloud-netflix-eureka-client-2.2.0.RELEASE.jar:2.2.0.RELEASE]
	at org.springframework.cloud.netflix.eureka.serviceregistry.EurekaServiceRegistry.register(EurekaServiceRegistry.java:38) ~[spring-cloud-netflix-eureka-client-2.2.0.RELEASE.jar:2.2.0.RELEASE]
	at org.springframework.cloud.netflix.eureka.serviceregistry.EurekaAutoServiceRegistration.start(EurekaAutoServiceRegistration.java:83) ~[spring-cloud-netflix-eureka-client-2.2.0.RELEASE.jar:2.2.0.RELEASE]
	at org.springframework.context.support.DefaultLifecycleProcessor.doStart(DefaultLifecycleProcessor.java:182) ~[spring-context-5.2.2.RELEASE.jar:5.2.2.RELEASE]
	... 12 more
2019-12-24 15:09:31,305 [main] [,] [INFO ] - No active profile set, falling back to default profiles: default
2019-12-24 15:09:31,487 [main] [,] [WARN ] - No MyBatis mapper was found in '[com.graduation.library]' package. Please check your configuration.
2019-12-24 15:09:31,600 [main] [,] [INFO ] - BeanFactory id=308b7487-abeb-37dd-8598-a5874c9e5c4c
2019-12-24 15:09:31,644 [main] [,] [INFO ] - Bean 'org.springframework.transaction.annotation.ProxyTransactionManagementConfiguration' of type [org.springframework.transaction.annotation.ProxyTransactionManagementConfiguration] is not eligible for getting processed by all BeanPostProcessors (for example: not eligible for auto-proxying)
2019-12-24 15:09:31,660 [main] [,] [INFO ] - Bean 'org.springframework.cloud.autoconfigure.ConfigurationPropertiesRebinderAutoConfiguration' of type [org.springframework.cloud.autoconfigure.ConfigurationPropertiesRebinderAutoConfiguration] is not eligible for getting processed by all BeanPostProcessors (for example: not eligible for auto-proxying)
2019-12-24 15:09:31,695 [main] [,] [INFO ] - Init DruidDataSource
2019-12-24 15:09:31,760 [main] [,] [INFO ] - {dataSource-1} inited
2019-12-24 15:09:32,993 [main] [,] [WARN ] - You already have RibbonLoadBalancerClient on your classpath. It will be used by default. As Spring Cloud Ribbon is in maintenance mode. We recommend switching to BlockingLoadBalancerClient instead. In order to use it, set the value of `spring.cloud.loadbalancer.ribbon.enabled` to `false` or remove spring-cloud-starter-netflix-ribbon from your project.
2019-12-24 15:09:33,011 [main] [,] [WARN ] - Spring Cloud LoadBalancer is currently working with default default cache. You can switch to using Caffeine cache, by adding it to the classpath.
2019-12-24 15:09:33,058 [main] [,] [INFO ] - Setting initial instance status as: STARTING
2019-12-24 15:09:33,062 [main] [,] [ERROR] - error getting CloudEurekaClient
org.springframework.beans.factory.BeanCreationException: Error creating bean with name 'scopedTarget.eurekaClient' defined in class path resource [org/springframework/cloud/netflix/eureka/EurekaClientAutoConfiguration$RefreshableEurekaClientConfiguration.class]: Bean instantiation via factory method failed; nested exception is org.springframework.beans.BeanInstantiationException: Failed to instantiate [com.netflix.discovery.EurekaClient]: Factory method 'eurekaClient' threw exception; nested exception is java.lang.NoClassDefFoundError: com/google/common/base/Function
	at org.springframework.beans.factory.support.ConstructorResolver.instantiate(ConstructorResolver.java:656) ~[spring-beans-5.2.2.RELEASE.jar:5.2.2.RELEASE]
	at org.springframework.beans.factory.support.ConstructorResolver.instantiateUsingFactoryMethod(ConstructorResolver.java:636) ~[spring-beans-5.2.2.RELEASE.jar:5.2.2.RELEASE]
	at org.springframework.beans.factory.support.AbstractAutowireCapableBeanFactory.instantiateUsingFactoryMethod(AbstractAutowireCapableBeanFactory.java:1338) ~[spring-beans-5.2.2.RELEASE.jar:5.2.2.RELEASE]
	at org.springframework.beans.factory.support.AbstractAutowireCapableBeanFactory.createBeanInstance(AbstractAutowireCapableBeanFactory.java:1177) ~[spring-beans-5.2.2.RELEASE.jar:5.2.2.RELEASE]
	at org.springframework.beans.factory.support.AbstractAutowireCapableBeanFactory.doCreateBean(AbstractAutowireCapableBeanFactory.java:557) ~[spring-beans-5.2.2.RELEASE.jar:5.2.2.RELEASE]
	at org.springframework.beans.factory.support.AbstractAutowireCapableBeanFactory.createBean(AbstractAutowireCapableBeanFactory.java:517) ~[spring-beans-5.2.2.RELEASE.jar:5.2.2.RELEASE]
	at org.springframework.beans.factory.support.AbstractBeanFactory.lambda$doGetBean$1(AbstractBeanFactory.java:359) ~[spring-beans-5.2.2.RELEASE.jar:5.2.2.RELEASE]
	at org.springframework.cloud.context.scope.GenericScope$BeanLifecycleWrapper.getBean(GenericScope.java:389) ~[spring-cloud-context-2.2.0.RELEASE.jar:2.2.0.RELEASE]
	at org.springframework.cloud.context.scope.GenericScope.get(GenericScope.java:186) ~[spring-cloud-context-2.2.0.RELEASE.jar:2.2.0.RELEASE]
	at org.springframework.beans.factory.support.AbstractBeanFactory.doGetBean(AbstractBeanFactory.java:356) ~[spring-beans-5.2.2.RELEASE.jar:5.2.2.RELEASE]
	at org.springframework.beans.factory.support.AbstractBeanFactory.getBean(AbstractBeanFactory.java:202) ~[spring-beans-5.2.2.RELEASE.jar:5.2.2.RELEASE]
	at org.springframework.aop.target.SimpleBeanTargetSource.getTarget(SimpleBeanTargetSource.java:35) ~[spring-aop-5.2.2.RELEASE.jar:5.2.2.RELEASE]
	at org.springframework.cloud.netflix.eureka.serviceregistry.EurekaRegistration.getTargetObject(EurekaRegistration.java:129) ~[spring-cloud-netflix-eureka-client-2.2.0.RELEASE.jar:2.2.0.RELEASE]
	at org.springframework.cloud.netflix.eureka.serviceregistry.EurekaRegistration.getEurekaClient(EurekaRegistration.java:117) [spring-cloud-netflix-eureka-client-2.2.0.RELEASE.jar:2.2.0.RELEASE]
	at sun.reflect.NativeMethodAccessorImpl.invoke0(Native Method) ~[?:1.8.0_192]
	at sun.reflect.NativeMethodAccessorImpl.invoke(NativeMethodAccessorImpl.java:62) ~[?:1.8.0_192]
	at sun.reflect.DelegatingMethodAccessorImpl.invoke(DelegatingMethodAccessorImpl.java:43) ~[?:1.8.0_192]
	at java.lang.reflect.Method.invoke(Method.java:498) ~[?:1.8.0_192]
	at org.springframework.util.ReflectionUtils.invokeMethod(ReflectionUtils.java:282) [spring-core-5.2.2.RELEASE.jar:5.2.2.RELEASE]
	at org.springframework.cloud.context.scope.GenericScope$LockedScopedProxyFactoryBean.invoke(GenericScope.java:499) [spring-cloud-context-2.2.0.RELEASE.jar:2.2.0.RELEASE]
	at org.springframework.aop.framework.ReflectiveMethodInvocation.proceed(ReflectiveMethodInvocation.java:186) [spring-aop-5.2.2.RELEASE.jar:5.2.2.RELEASE]
	at org.springframework.aop.framework.CglibAopProxy$CglibMethodInvocation.proceed(CglibAopProxy.java:747) [spring-aop-5.2.2.RELEASE.jar:5.2.2.RELEASE]
	at org.springframework.aop.framework.CglibAopProxy$DynamicAdvisedInterceptor.intercept(CglibAopProxy.java:689) [spring-aop-5.2.2.RELEASE.jar:5.2.2.RELEASE]
	at org.springframework.cloud.netflix.eureka.serviceregistry.EurekaRegistration$$EnhancerBySpringCGLIB$$e3c9afce.getEurekaClient(<generated>) [spring-cloud-netflix-eureka-client-2.2.0.RELEASE.jar:2.2.0.RELEASE]
	at org.springframework.cloud.netflix.eureka.serviceregistry.EurekaServiceRegistry.maybeInitializeClient(EurekaServiceRegistry.java:57) [spring-cloud-netflix-eureka-client-2.2.0.RELEASE.jar:2.2.0.RELEASE]
	at org.springframework.cloud.netflix.eureka.serviceregistry.EurekaServiceRegistry.register(EurekaServiceRegistry.java:38) [spring-cloud-netflix-eureka-client-2.2.0.RELEASE.jar:2.2.0.RELEASE]
	at org.springframework.cloud.netflix.eureka.serviceregistry.EurekaAutoServiceRegistration.start(EurekaAutoServiceRegistration.java:83) [spring-cloud-netflix-eureka-client-2.2.0.RELEASE.jar:2.2.0.RELEASE]
	at org.springframework.context.support.DefaultLifecycleProcessor.doStart(DefaultLifecycleProcessor.java:182) [spring-context-5.2.2.RELEASE.jar:5.2.2.RELEASE]
	at org.springframework.context.support.DefaultLifecycleProcessor.access$200(DefaultLifecycleProcessor.java:53) [spring-context-5.2.2.RELEASE.jar:5.2.2.RELEASE]
	at org.springframework.context.support.DefaultLifecycleProcessor$LifecycleGroup.start(DefaultLifecycleProcessor.java:360) [spring-context-5.2.2.RELEASE.jar:5.2.2.RELEASE]
	at org.springframework.context.support.DefaultLifecycleProcessor.startBeans(DefaultLifecycleProcessor.java:158) [spring-context-5.2.2.RELEASE.jar:5.2.2.RELEASE]
	at org.springframework.context.support.DefaultLifecycleProcessor.onRefresh(DefaultLifecycleProcessor.java:122) [spring-context-5.2.2.RELEASE.jar:5.2.2.RELEASE]
	at org.springframework.context.support.AbstractApplicationContext.finishRefresh(AbstractApplicationContext.java:894) [spring-context-5.2.2.RELEASE.jar:5.2.2.RELEASE]
	at org.springframework.context.support.AbstractApplicationContext.refresh(AbstractApplicationContext.java:553) [spring-context-5.2.2.RELEASE.jar:5.2.2.RELEASE]
	at org.springframework.boot.SpringApplication.refresh(SpringApplication.java:747) [spring-boot-2.2.2.RELEASE.jar:2.2.2.RELEASE]
	at org.springframework.boot.SpringApplication.refreshContext(SpringApplication.java:397) [spring-boot-2.2.2.RELEASE.jar:2.2.2.RELEASE]
	at org.springframework.boot.SpringApplication.run(SpringApplication.java:315) [spring-boot-2.2.2.RELEASE.jar:2.2.2.RELEASE]
	at org.springframework.boot.SpringApplication.run(SpringApplication.java:1226) [spring-boot-2.2.2.RELEASE.jar:2.2.2.RELEASE]
	at org.springframework.boot.SpringApplication.run(SpringApplication.java:1215) [spring-boot-2.2.2.RELEASE.jar:2.2.2.RELEASE]
	at com.graduation.library.LibraryWriteApplication.main(LibraryWriteApplication.java:16) [classes/:?]
Caused by: org.springframework.beans.BeanInstantiationException: Failed to instantiate [com.netflix.discovery.EurekaClient]: Factory method 'eurekaClient' threw exception; nested exception is java.lang.NoClassDefFoundError: com/google/common/base/Function
	at org.springframework.beans.factory.support.SimpleInstantiationStrategy.instantiate(SimpleInstantiationStrategy.java:185) ~[spring-beans-5.2.2.RELEASE.jar:5.2.2.RELEASE]
	at org.springframework.beans.factory.support.ConstructorResolver.instantiate(ConstructorResolver.java:651) ~[spring-beans-5.2.2.RELEASE.jar:5.2.2.RELEASE]
	... 39 more
Caused by: java.lang.NoClassDefFoundError: com/google/common/base/Function
	at java.lang.ClassLoader.defineClass1(Native Method) ~[?:1.8.0_192]
	at java.lang.ClassLoader.defineClass(ClassLoader.java:763) ~[?:1.8.0_192]
	at java.security.SecureClassLoader.defineClass(SecureClassLoader.java:142) ~[?:1.8.0_192]
	at java.net.URLClassLoader.defineClass(URLClassLoader.java:468) ~[?:1.8.0_192]
	at java.net.URLClassLoader.access$100(URLClassLoader.java:74) ~[?:1.8.0_192]
	at java.net.URLClassLoader$1.run(URLClassLoader.java:369) ~[?:1.8.0_192]
	at java.net.URLClassLoader$1.run(URLClassLoader.java:363) ~[?:1.8.0_192]
	at java.security.AccessController.doPrivileged(Native Method) ~[?:1.8.0_192]
	at java.net.URLClassLoader.findClass(URLClassLoader.java:362) ~[?:1.8.0_192]
	at java.lang.ClassLoader.loadClass(ClassLoader.java:424) ~[?:1.8.0_192]
	at sun.misc.Launcher$AppClassLoader.loadClass(Launcher.java:349) ~[?:1.8.0_192]
	at java.lang.ClassLoader.loadClass(ClassLoader.java:357) ~[?:1.8.0_192]
	at com.netflix.servo.monitor.Monitors.<clinit>(Monitors.java:74) ~[servo-core-0.12.21.jar:0.12.21]
	at com.netflix.discovery.DiscoveryClient.<init>(DiscoveryClient.java:132) ~[eureka-client-1.9.13.jar:1.9.13]
	at com.netflix.discovery.DiscoveryClient.<init>(DiscoveryClient.java:276) ~[eureka-client-1.9.13.jar:1.9.13]
	at com.netflix.discovery.DiscoveryClient.<init>(DiscoveryClient.java:272) ~[eureka-client-1.9.13.jar:1.9.13]
	at org.springframework.cloud.netflix.eureka.CloudEurekaClient.<init>(CloudEurekaClient.java:67) ~[spring-cloud-netflix-eureka-client-2.2.0.RELEASE.jar:2.2.0.RELEASE]
	at org.springframework.cloud.netflix.eureka.EurekaClientAutoConfiguration$RefreshableEurekaClientConfiguration.eurekaClient(EurekaClientAutoConfiguration.java:324) ~[spring-cloud-netflix-eureka-client-2.2.0.RELEASE.jar:2.2.0.RELEASE]
	at sun.reflect.NativeMethodAccessorImpl.invoke0(Native Method) ~[?:1.8.0_192]
	at sun.reflect.NativeMethodAccessorImpl.invoke(NativeMethodAccessorImpl.java:62) ~[?:1.8.0_192]
	at sun.reflect.DelegatingMethodAccessorImpl.invoke(DelegatingMethodAccessorImpl.java:43) ~[?:1.8.0_192]
	at java.lang.reflect.Method.invoke(Method.java:498) ~[?:1.8.0_192]
	at org.springframework.beans.factory.support.SimpleInstantiationStrategy.instantiate(SimpleInstantiationStrategy.java:154) ~[spring-beans-5.2.2.RELEASE.jar:5.2.2.RELEASE]
	at org.springframework.beans.factory.support.ConstructorResolver.instantiate(ConstructorResolver.java:651) ~[spring-beans-5.2.2.RELEASE.jar:5.2.2.RELEASE]
	... 39 more
Caused by: java.lang.ClassNotFoundException: com.google.common.base.Function
	at java.net.URLClassLoader.findClass(URLClassLoader.java:382) ~[?:1.8.0_192]
	at java.lang.ClassLoader.loadClass(ClassLoader.java:424) ~[?:1.8.0_192]
	at sun.misc.Launcher$AppClassLoader.loadClass(Launcher.java:349) ~[?:1.8.0_192]
	at java.lang.ClassLoader.loadClass(ClassLoader.java:357) ~[?:1.8.0_192]
	at java.lang.ClassLoader.defineClass1(Native Method) ~[?:1.8.0_192]
	at java.lang.ClassLoader.defineClass(ClassLoader.java:763) ~[?:1.8.0_192]
	at java.security.SecureClassLoader.defineClass(SecureClassLoader.java:142) ~[?:1.8.0_192]
	at java.net.URLClassLoader.defineClass(URLClassLoader.java:468) ~[?:1.8.0_192]
	at java.net.URLClassLoader.access$100(URLClassLoader.java:74) ~[?:1.8.0_192]
	at java.net.URLClassLoader$1.run(URLClassLoader.java:369) ~[?:1.8.0_192]
	at java.net.URLClassLoader$1.run(URLClassLoader.java:363) ~[?:1.8.0_192]
	at java.security.AccessController.doPrivileged(Native Method) ~[?:1.8.0_192]
	at java.net.URLClassLoader.findClass(URLClassLoader.java:362) ~[?:1.8.0_192]
	at java.lang.ClassLoader.loadClass(ClassLoader.java:424) ~[?:1.8.0_192]
	at sun.misc.Launcher$AppClassLoader.loadClass(Launcher.java:349) ~[?:1.8.0_192]
	at java.lang.ClassLoader.loadClass(ClassLoader.java:357) ~[?:1.8.0_192]
	at com.netflix.servo.monitor.Monitors.<clinit>(Monitors.java:74) ~[servo-core-0.12.21.jar:0.12.21]
	at com.netflix.discovery.DiscoveryClient.<init>(DiscoveryClient.java:132) ~[eureka-client-1.9.13.jar:1.9.13]
	at com.netflix.discovery.DiscoveryClient.<init>(DiscoveryClient.java:276) ~[eureka-client-1.9.13.jar:1.9.13]
	at com.netflix.discovery.DiscoveryClient.<init>(DiscoveryClient.java:272) ~[eureka-client-1.9.13.jar:1.9.13]
	at org.springframework.cloud.netflix.eureka.CloudEurekaClient.<init>(CloudEurekaClient.java:67) ~[spring-cloud-netflix-eureka-client-2.2.0.RELEASE.jar:2.2.0.RELEASE]
	at org.springframework.cloud.netflix.eureka.EurekaClientAutoConfiguration$RefreshableEurekaClientConfiguration.eurekaClient(EurekaClientAutoConfiguration.java:324) ~[spring-cloud-netflix-eureka-client-2.2.0.RELEASE.jar:2.2.0.RELEASE]
	at sun.reflect.NativeMethodAccessorImpl.invoke0(Native Method) ~[?:1.8.0_192]
	at sun.reflect.NativeMethodAccessorImpl.invoke(NativeMethodAccessorImpl.java:62) ~[?:1.8.0_192]
	at sun.reflect.DelegatingMethodAccessorImpl.invoke(DelegatingMethodAccessorImpl.java:43) ~[?:1.8.0_192]
	at java.lang.reflect.Method.invoke(Method.java:498) ~[?:1.8.0_192]
	at org.springframework.beans.factory.support.SimpleInstantiationStrategy.instantiate(SimpleInstantiationStrategy.java:154) ~[spring-beans-5.2.2.RELEASE.jar:5.2.2.RELEASE]
	at org.springframework.beans.factory.support.ConstructorResolver.instantiate(ConstructorResolver.java:651) ~[spring-beans-5.2.2.RELEASE.jar:5.2.2.RELEASE]
	... 39 more
2019-12-24 15:09:33,068 [main] [,] [WARN ] - Exception encountered during context initialization - cancelling refresh attempt: org.springframework.context.ApplicationContextException: Failed to start bean 'eurekaAutoServiceRegistration'; nested exception is java.lang.NullPointerException
2019-12-24 15:09:33,069 [main] [,] [INFO ] - {dataSource-1} closed
2019-12-24 15:09:33,074 [main] [,] [INFO ] - 

Error starting ApplicationContext. To display the conditions report re-run your application with 'debug' enabled.
2019-12-24 15:09:33,081 [main] [,] [ERROR] - Application run failed
org.springframework.context.ApplicationContextException: Failed to start bean 'eurekaAutoServiceRegistration'; nested exception is java.lang.NullPointerException
	at org.springframework.context.support.DefaultLifecycleProcessor.doStart(DefaultLifecycleProcessor.java:185) ~[spring-context-5.2.2.RELEASE.jar:5.2.2.RELEASE]
	at org.springframework.context.support.DefaultLifecycleProcessor.access$200(DefaultLifecycleProcessor.java:53) ~[spring-context-5.2.2.RELEASE.jar:5.2.2.RELEASE]
	at org.springframework.context.support.DefaultLifecycleProcessor$LifecycleGroup.start(DefaultLifecycleProcessor.java:360) ~[spring-context-5.2.2.RELEASE.jar:5.2.2.RELEASE]
	at org.springframework.context.support.DefaultLifecycleProcessor.startBeans(DefaultLifecycleProcessor.java:158) ~[spring-context-5.2.2.RELEASE.jar:5.2.2.RELEASE]
	at org.springframework.context.support.DefaultLifecycleProcessor.onRefresh(DefaultLifecycleProcessor.java:122) ~[spring-context-5.2.2.RELEASE.jar:5.2.2.RELEASE]
	at org.springframework.context.support.AbstractApplicationContext.finishRefresh(AbstractApplicationContext.java:894) ~[spring-context-5.2.2.RELEASE.jar:5.2.2.RELEASE]
	at org.springframework.context.support.AbstractApplicationContext.refresh(AbstractApplicationContext.java:553) ~[spring-context-5.2.2.RELEASE.jar:5.2.2.RELEASE]
	at org.springframework.boot.SpringApplication.refresh(SpringApplication.java:747) [spring-boot-2.2.2.RELEASE.jar:2.2.2.RELEASE]
	at org.springframework.boot.SpringApplication.refreshContext(SpringApplication.java:397) [spring-boot-2.2.2.RELEASE.jar:2.2.2.RELEASE]
	at org.springframework.boot.SpringApplication.run(SpringApplication.java:315) [spring-boot-2.2.2.RELEASE.jar:2.2.2.RELEASE]
	at org.springframework.boot.SpringApplication.run(SpringApplication.java:1226) [spring-boot-2.2.2.RELEASE.jar:2.2.2.RELEASE]
	at org.springframework.boot.SpringApplication.run(SpringApplication.java:1215) [spring-boot-2.2.2.RELEASE.jar:2.2.2.RELEASE]
	at com.graduation.library.LibraryWriteApplication.main(LibraryWriteApplication.java:16) [classes/:?]
Caused by: java.lang.NullPointerException
	at org.springframework.cloud.netflix.eureka.serviceregistry.EurekaServiceRegistry.maybeInitializeClient(EurekaServiceRegistry.java:57) ~[spring-cloud-netflix-eureka-client-2.2.0.RELEASE.jar:2.2.0.RELEASE]
	at org.springframework.cloud.netflix.eureka.serviceregistry.EurekaServiceRegistry.register(EurekaServiceRegistry.java:38) ~[spring-cloud-netflix-eureka-client-2.2.0.RELEASE.jar:2.2.0.RELEASE]
	at org.springframework.cloud.netflix.eureka.serviceregistry.EurekaAutoServiceRegistration.start(EurekaAutoServiceRegistration.java:83) ~[spring-cloud-netflix-eureka-client-2.2.0.RELEASE.jar:2.2.0.RELEASE]
	at org.springframework.context.support.DefaultLifecycleProcessor.doStart(DefaultLifecycleProcessor.java:182) ~[spring-context-5.2.2.RELEASE.jar:5.2.2.RELEASE]
	... 12 more
2019-12-24 15:10:29,330 [main] [,] [INFO ] - No active profile set, falling back to default profiles: default
2019-12-24 15:10:29,507 [main] [,] [WARN ] - No MyBatis mapper was found in '[com.graduation.library]' package. Please check your configuration.
2019-12-24 15:10:29,624 [main] [,] [INFO ] - BeanFactory id=308b7487-abeb-37dd-8598-a5874c9e5c4c
2019-12-24 15:10:29,669 [main] [,] [INFO ] - Bean 'org.springframework.transaction.annotation.ProxyTransactionManagementConfiguration' of type [org.springframework.transaction.annotation.ProxyTransactionManagementConfiguration] is not eligible for getting processed by all BeanPostProcessors (for example: not eligible for auto-proxying)
2019-12-24 15:10:29,686 [main] [,] [INFO ] - Bean 'org.springframework.cloud.autoconfigure.ConfigurationPropertiesRebinderAutoConfiguration' of type [org.springframework.cloud.autoconfigure.ConfigurationPropertiesRebinderAutoConfiguration] is not eligible for getting processed by all BeanPostProcessors (for example: not eligible for auto-proxying)
2019-12-24 15:10:29,720 [main] [,] [INFO ] - Init DruidDataSource
2019-12-24 15:10:29,781 [main] [,] [INFO ] - {dataSource-1} inited
2019-12-24 15:10:31,024 [main] [,] [WARN ] - You already have RibbonLoadBalancerClient on your classpath. It will be used by default. As Spring Cloud Ribbon is in maintenance mode. We recommend switching to BlockingLoadBalancerClient instead. In order to use it, set the value of `spring.cloud.loadbalancer.ribbon.enabled` to `false` or remove spring-cloud-starter-netflix-ribbon from your project.
2019-12-24 15:10:31,042 [main] [,] [WARN ] - Spring Cloud LoadBalancer is currently working with default default cache. You can switch to using Caffeine cache, by adding it to the classpath.
2019-12-24 15:10:31,087 [main] [,] [INFO ] - Setting initial instance status as: STARTING
2019-12-24 15:10:31,091 [main] [,] [ERROR] - error getting CloudEurekaClient
org.springframework.beans.factory.BeanCreationException: Error creating bean with name 'scopedTarget.eurekaClient' defined in class path resource [org/springframework/cloud/netflix/eureka/EurekaClientAutoConfiguration$RefreshableEurekaClientConfiguration.class]: Bean instantiation via factory method failed; nested exception is org.springframework.beans.BeanInstantiationException: Failed to instantiate [com.netflix.discovery.EurekaClient]: Factory method 'eurekaClient' threw exception; nested exception is java.lang.NoClassDefFoundError: com/google/common/base/Function
	at org.springframework.beans.factory.support.ConstructorResolver.instantiate(ConstructorResolver.java:656) ~[spring-beans-5.2.2.RELEASE.jar:5.2.2.RELEASE]
	at org.springframework.beans.factory.support.ConstructorResolver.instantiateUsingFactoryMethod(ConstructorResolver.java:636) ~[spring-beans-5.2.2.RELEASE.jar:5.2.2.RELEASE]
	at org.springframework.beans.factory.support.AbstractAutowireCapableBeanFactory.instantiateUsingFactoryMethod(AbstractAutowireCapableBeanFactory.java:1338) ~[spring-beans-5.2.2.RELEASE.jar:5.2.2.RELEASE]
	at org.springframework.beans.factory.support.AbstractAutowireCapableBeanFactory.createBeanInstance(AbstractAutowireCapableBeanFactory.java:1177) ~[spring-beans-5.2.2.RELEASE.jar:5.2.2.RELEASE]
	at org.springframework.beans.factory.support.AbstractAutowireCapableBeanFactory.doCreateBean(AbstractAutowireCapableBeanFactory.java:557) ~[spring-beans-5.2.2.RELEASE.jar:5.2.2.RELEASE]
	at org.springframework.beans.factory.support.AbstractAutowireCapableBeanFactory.createBean(AbstractAutowireCapableBeanFactory.java:517) ~[spring-beans-5.2.2.RELEASE.jar:5.2.2.RELEASE]
	at org.springframework.beans.factory.support.AbstractBeanFactory.lambda$doGetBean$1(AbstractBeanFactory.java:359) ~[spring-beans-5.2.2.RELEASE.jar:5.2.2.RELEASE]
	at org.springframework.cloud.context.scope.GenericScope$BeanLifecycleWrapper.getBean(GenericScope.java:389) ~[spring-cloud-context-2.2.0.RELEASE.jar:2.2.0.RELEASE]
	at org.springframework.cloud.context.scope.GenericScope.get(GenericScope.java:186) ~[spring-cloud-context-2.2.0.RELEASE.jar:2.2.0.RELEASE]
	at org.springframework.beans.factory.support.AbstractBeanFactory.doGetBean(AbstractBeanFactory.java:356) ~[spring-beans-5.2.2.RELEASE.jar:5.2.2.RELEASE]
	at org.springframework.beans.factory.support.AbstractBeanFactory.getBean(AbstractBeanFactory.java:202) ~[spring-beans-5.2.2.RELEASE.jar:5.2.2.RELEASE]
	at org.springframework.aop.target.SimpleBeanTargetSource.getTarget(SimpleBeanTargetSource.java:35) ~[spring-aop-5.2.2.RELEASE.jar:5.2.2.RELEASE]
	at org.springframework.cloud.netflix.eureka.serviceregistry.EurekaRegistration.getTargetObject(EurekaRegistration.java:129) ~[spring-cloud-netflix-eureka-client-2.2.0.RELEASE.jar:2.2.0.RELEASE]
	at org.springframework.cloud.netflix.eureka.serviceregistry.EurekaRegistration.getEurekaClient(EurekaRegistration.java:117) [spring-cloud-netflix-eureka-client-2.2.0.RELEASE.jar:2.2.0.RELEASE]
	at sun.reflect.NativeMethodAccessorImpl.invoke0(Native Method) ~[?:1.8.0_192]
	at sun.reflect.NativeMethodAccessorImpl.invoke(NativeMethodAccessorImpl.java:62) ~[?:1.8.0_192]
	at sun.reflect.DelegatingMethodAccessorImpl.invoke(DelegatingMethodAccessorImpl.java:43) ~[?:1.8.0_192]
	at java.lang.reflect.Method.invoke(Method.java:498) ~[?:1.8.0_192]
	at org.springframework.util.ReflectionUtils.invokeMethod(ReflectionUtils.java:282) [spring-core-5.2.2.RELEASE.jar:5.2.2.RELEASE]
	at org.springframework.cloud.context.scope.GenericScope$LockedScopedProxyFactoryBean.invoke(GenericScope.java:499) [spring-cloud-context-2.2.0.RELEASE.jar:2.2.0.RELEASE]
	at org.springframework.aop.framework.ReflectiveMethodInvocation.proceed(ReflectiveMethodInvocation.java:186) [spring-aop-5.2.2.RELEASE.jar:5.2.2.RELEASE]
	at org.springframework.aop.framework.CglibAopProxy$CglibMethodInvocation.proceed(CglibAopProxy.java:747) [spring-aop-5.2.2.RELEASE.jar:5.2.2.RELEASE]
	at org.springframework.aop.framework.CglibAopProxy$DynamicAdvisedInterceptor.intercept(CglibAopProxy.java:689) [spring-aop-5.2.2.RELEASE.jar:5.2.2.RELEASE]
	at org.springframework.cloud.netflix.eureka.serviceregistry.EurekaRegistration$$EnhancerBySpringCGLIB$$eae59063.getEurekaClient(<generated>) [spring-cloud-netflix-eureka-client-2.2.0.RELEASE.jar:2.2.0.RELEASE]
	at org.springframework.cloud.netflix.eureka.serviceregistry.EurekaServiceRegistry.maybeInitializeClient(EurekaServiceRegistry.java:57) [spring-cloud-netflix-eureka-client-2.2.0.RELEASE.jar:2.2.0.RELEASE]
	at org.springframework.cloud.netflix.eureka.serviceregistry.EurekaServiceRegistry.register(EurekaServiceRegistry.java:38) [spring-cloud-netflix-eureka-client-2.2.0.RELEASE.jar:2.2.0.RELEASE]
	at org.springframework.cloud.netflix.eureka.serviceregistry.EurekaAutoServiceRegistration.start(EurekaAutoServiceRegistration.java:83) [spring-cloud-netflix-eureka-client-2.2.0.RELEASE.jar:2.2.0.RELEASE]
	at org.springframework.context.support.DefaultLifecycleProcessor.doStart(DefaultLifecycleProcessor.java:182) [spring-context-5.2.2.RELEASE.jar:5.2.2.RELEASE]
	at org.springframework.context.support.DefaultLifecycleProcessor.access$200(DefaultLifecycleProcessor.java:53) [spring-context-5.2.2.RELEASE.jar:5.2.2.RELEASE]
	at org.springframework.context.support.DefaultLifecycleProcessor$LifecycleGroup.start(DefaultLifecycleProcessor.java:360) [spring-context-5.2.2.RELEASE.jar:5.2.2.RELEASE]
	at org.springframework.context.support.DefaultLifecycleProcessor.startBeans(DefaultLifecycleProcessor.java:158) [spring-context-5.2.2.RELEASE.jar:5.2.2.RELEASE]
	at org.springframework.context.support.DefaultLifecycleProcessor.onRefresh(DefaultLifecycleProcessor.java:122) [spring-context-5.2.2.RELEASE.jar:5.2.2.RELEASE]
	at org.springframework.context.support.AbstractApplicationContext.finishRefresh(AbstractApplicationContext.java:894) [spring-context-5.2.2.RELEASE.jar:5.2.2.RELEASE]
	at org.springframework.context.support.AbstractApplicationContext.refresh(AbstractApplicationContext.java:553) [spring-context-5.2.2.RELEASE.jar:5.2.2.RELEASE]
	at org.springframework.boot.SpringApplication.refresh(SpringApplication.java:747) [spring-boot-2.2.2.RELEASE.jar:2.2.2.RELEASE]
	at org.springframework.boot.SpringApplication.refreshContext(SpringApplication.java:397) [spring-boot-2.2.2.RELEASE.jar:2.2.2.RELEASE]
	at org.springframework.boot.SpringApplication.run(SpringApplication.java:315) [spring-boot-2.2.2.RELEASE.jar:2.2.2.RELEASE]
	at org.springframework.boot.SpringApplication.run(SpringApplication.java:1226) [spring-boot-2.2.2.RELEASE.jar:2.2.2.RELEASE]
	at org.springframework.boot.SpringApplication.run(SpringApplication.java:1215) [spring-boot-2.2.2.RELEASE.jar:2.2.2.RELEASE]
	at com.graduation.library.LibraryWriteApplication.main(LibraryWriteApplication.java:16) [classes/:?]
Caused by: org.springframework.beans.BeanInstantiationException: Failed to instantiate [com.netflix.discovery.EurekaClient]: Factory method 'eurekaClient' threw exception; nested exception is java.lang.NoClassDefFoundError: com/google/common/base/Function
	at org.springframework.beans.factory.support.SimpleInstantiationStrategy.instantiate(SimpleInstantiationStrategy.java:185) ~[spring-beans-5.2.2.RELEASE.jar:5.2.2.RELEASE]
	at org.springframework.beans.factory.support.ConstructorResolver.instantiate(ConstructorResolver.java:651) ~[spring-beans-5.2.2.RELEASE.jar:5.2.2.RELEASE]
	... 39 more
Caused by: java.lang.NoClassDefFoundError: com/google/common/base/Function
	at java.lang.ClassLoader.defineClass1(Native Method) ~[?:1.8.0_192]
	at java.lang.ClassLoader.defineClass(ClassLoader.java:763) ~[?:1.8.0_192]
	at java.security.SecureClassLoader.defineClass(SecureClassLoader.java:142) ~[?:1.8.0_192]
	at java.net.URLClassLoader.defineClass(URLClassLoader.java:468) ~[?:1.8.0_192]
	at java.net.URLClassLoader.access$100(URLClassLoader.java:74) ~[?:1.8.0_192]
	at java.net.URLClassLoader$1.run(URLClassLoader.java:369) ~[?:1.8.0_192]
	at java.net.URLClassLoader$1.run(URLClassLoader.java:363) ~[?:1.8.0_192]
	at java.security.AccessController.doPrivileged(Native Method) ~[?:1.8.0_192]
	at java.net.URLClassLoader.findClass(URLClassLoader.java:362) ~[?:1.8.0_192]
	at java.lang.ClassLoader.loadClass(ClassLoader.java:424) ~[?:1.8.0_192]
	at sun.misc.Launcher$AppClassLoader.loadClass(Launcher.java:349) ~[?:1.8.0_192]
	at java.lang.ClassLoader.loadClass(ClassLoader.java:357) ~[?:1.8.0_192]
	at com.netflix.servo.monitor.Monitors.<clinit>(Monitors.java:74) ~[servo-core-0.12.21.jar:0.12.21]
	at com.netflix.discovery.DiscoveryClient.<init>(DiscoveryClient.java:132) ~[eureka-client-1.9.13.jar:1.9.13]
	at com.netflix.discovery.DiscoveryClient.<init>(DiscoveryClient.java:276) ~[eureka-client-1.9.13.jar:1.9.13]
	at com.netflix.discovery.DiscoveryClient.<init>(DiscoveryClient.java:272) ~[eureka-client-1.9.13.jar:1.9.13]
	at org.springframework.cloud.netflix.eureka.CloudEurekaClient.<init>(CloudEurekaClient.java:67) ~[spring-cloud-netflix-eureka-client-2.2.0.RELEASE.jar:2.2.0.RELEASE]
	at org.springframework.cloud.netflix.eureka.EurekaClientAutoConfiguration$RefreshableEurekaClientConfiguration.eurekaClient(EurekaClientAutoConfiguration.java:324) ~[spring-cloud-netflix-eureka-client-2.2.0.RELEASE.jar:2.2.0.RELEASE]
	at sun.reflect.NativeMethodAccessorImpl.invoke0(Native Method) ~[?:1.8.0_192]
	at sun.reflect.NativeMethodAccessorImpl.invoke(NativeMethodAccessorImpl.java:62) ~[?:1.8.0_192]
	at sun.reflect.DelegatingMethodAccessorImpl.invoke(DelegatingMethodAccessorImpl.java:43) ~[?:1.8.0_192]
	at java.lang.reflect.Method.invoke(Method.java:498) ~[?:1.8.0_192]
	at org.springframework.beans.factory.support.SimpleInstantiationStrategy.instantiate(SimpleInstantiationStrategy.java:154) ~[spring-beans-5.2.2.RELEASE.jar:5.2.2.RELEASE]
	at org.springframework.beans.factory.support.ConstructorResolver.instantiate(ConstructorResolver.java:651) ~[spring-beans-5.2.2.RELEASE.jar:5.2.2.RELEASE]
	... 39 more
Caused by: java.lang.ClassNotFoundException: com.google.common.base.Function
	at java.net.URLClassLoader.findClass(URLClassLoader.java:382) ~[?:1.8.0_192]
	at java.lang.ClassLoader.loadClass(ClassLoader.java:424) ~[?:1.8.0_192]
	at sun.misc.Launcher$AppClassLoader.loadClass(Launcher.java:349) ~[?:1.8.0_192]
	at java.lang.ClassLoader.loadClass(ClassLoader.java:357) ~[?:1.8.0_192]
	at java.lang.ClassLoader.defineClass1(Native Method) ~[?:1.8.0_192]
	at java.lang.ClassLoader.defineClass(ClassLoader.java:763) ~[?:1.8.0_192]
	at java.security.SecureClassLoader.defineClass(SecureClassLoader.java:142) ~[?:1.8.0_192]
	at java.net.URLClassLoader.defineClass(URLClassLoader.java:468) ~[?:1.8.0_192]
	at java.net.URLClassLoader.access$100(URLClassLoader.java:74) ~[?:1.8.0_192]
	at java.net.URLClassLoader$1.run(URLClassLoader.java:369) ~[?:1.8.0_192]
	at java.net.URLClassLoader$1.run(URLClassLoader.java:363) ~[?:1.8.0_192]
	at java.security.AccessController.doPrivileged(Native Method) ~[?:1.8.0_192]
	at java.net.URLClassLoader.findClass(URLClassLoader.java:362) ~[?:1.8.0_192]
	at java.lang.ClassLoader.loadClass(ClassLoader.java:424) ~[?:1.8.0_192]
	at sun.misc.Launcher$AppClassLoader.loadClass(Launcher.java:349) ~[?:1.8.0_192]
	at java.lang.ClassLoader.loadClass(ClassLoader.java:357) ~[?:1.8.0_192]
	at com.netflix.servo.monitor.Monitors.<clinit>(Monitors.java:74) ~[servo-core-0.12.21.jar:0.12.21]
	at com.netflix.discovery.DiscoveryClient.<init>(DiscoveryClient.java:132) ~[eureka-client-1.9.13.jar:1.9.13]
	at com.netflix.discovery.DiscoveryClient.<init>(DiscoveryClient.java:276) ~[eureka-client-1.9.13.jar:1.9.13]
	at com.netflix.discovery.DiscoveryClient.<init>(DiscoveryClient.java:272) ~[eureka-client-1.9.13.jar:1.9.13]
	at org.springframework.cloud.netflix.eureka.CloudEurekaClient.<init>(CloudEurekaClient.java:67) ~[spring-cloud-netflix-eureka-client-2.2.0.RELEASE.jar:2.2.0.RELEASE]
	at org.springframework.cloud.netflix.eureka.EurekaClientAutoConfiguration$RefreshableEurekaClientConfiguration.eurekaClient(EurekaClientAutoConfiguration.java:324) ~[spring-cloud-netflix-eureka-client-2.2.0.RELEASE.jar:2.2.0.RELEASE]
	at sun.reflect.NativeMethodAccessorImpl.invoke0(Native Method) ~[?:1.8.0_192]
	at sun.reflect.NativeMethodAccessorImpl.invoke(NativeMethodAccessorImpl.java:62) ~[?:1.8.0_192]
	at sun.reflect.DelegatingMethodAccessorImpl.invoke(DelegatingMethodAccessorImpl.java:43) ~[?:1.8.0_192]
	at java.lang.reflect.Method.invoke(Method.java:498) ~[?:1.8.0_192]
	at org.springframework.beans.factory.support.SimpleInstantiationStrategy.instantiate(SimpleInstantiationStrategy.java:154) ~[spring-beans-5.2.2.RELEASE.jar:5.2.2.RELEASE]
	at org.springframework.beans.factory.support.ConstructorResolver.instantiate(ConstructorResolver.java:651) ~[spring-beans-5.2.2.RELEASE.jar:5.2.2.RELEASE]
	... 39 more
2019-12-24 15:10:31,096 [main] [,] [WARN ] - Exception encountered during context initialization - cancelling refresh attempt: org.springframework.context.ApplicationContextException: Failed to start bean 'eurekaAutoServiceRegistration'; nested exception is java.lang.NullPointerException
2019-12-24 15:10:31,097 [main] [,] [INFO ] - {dataSource-1} closed
2019-12-24 15:10:31,102 [main] [,] [INFO ] - 

Error starting ApplicationContext. To display the conditions report re-run your application with 'debug' enabled.
2019-12-24 15:10:31,109 [main] [,] [ERROR] - Application run failed
org.springframework.context.ApplicationContextException: Failed to start bean 'eurekaAutoServiceRegistration'; nested exception is java.lang.NullPointerException
	at org.springframework.context.support.DefaultLifecycleProcessor.doStart(DefaultLifecycleProcessor.java:185) ~[spring-context-5.2.2.RELEASE.jar:5.2.2.RELEASE]
	at org.springframework.context.support.DefaultLifecycleProcessor.access$200(DefaultLifecycleProcessor.java:53) ~[spring-context-5.2.2.RELEASE.jar:5.2.2.RELEASE]
	at org.springframework.context.support.DefaultLifecycleProcessor$LifecycleGroup.start(DefaultLifecycleProcessor.java:360) ~[spring-context-5.2.2.RELEASE.jar:5.2.2.RELEASE]
	at org.springframework.context.support.DefaultLifecycleProcessor.startBeans(DefaultLifecycleProcessor.java:158) ~[spring-context-5.2.2.RELEASE.jar:5.2.2.RELEASE]
	at org.springframework.context.support.DefaultLifecycleProcessor.onRefresh(DefaultLifecycleProcessor.java:122) ~[spring-context-5.2.2.RELEASE.jar:5.2.2.RELEASE]
	at org.springframework.context.support.AbstractApplicationContext.finishRefresh(AbstractApplicationContext.java:894) ~[spring-context-5.2.2.RELEASE.jar:5.2.2.RELEASE]
	at org.springframework.context.support.AbstractApplicationContext.refresh(AbstractApplicationContext.java:553) ~[spring-context-5.2.2.RELEASE.jar:5.2.2.RELEASE]
	at org.springframework.boot.SpringApplication.refresh(SpringApplication.java:747) [spring-boot-2.2.2.RELEASE.jar:2.2.2.RELEASE]
	at org.springframework.boot.SpringApplication.refreshContext(SpringApplication.java:397) [spring-boot-2.2.2.RELEASE.jar:2.2.2.RELEASE]
	at org.springframework.boot.SpringApplication.run(SpringApplication.java:315) [spring-boot-2.2.2.RELEASE.jar:2.2.2.RELEASE]
	at org.springframework.boot.SpringApplication.run(SpringApplication.java:1226) [spring-boot-2.2.2.RELEASE.jar:2.2.2.RELEASE]
	at org.springframework.boot.SpringApplication.run(SpringApplication.java:1215) [spring-boot-2.2.2.RELEASE.jar:2.2.2.RELEASE]
	at com.graduation.library.LibraryWriteApplication.main(LibraryWriteApplication.java:16) [classes/:?]
Caused by: java.lang.NullPointerException
	at org.springframework.cloud.netflix.eureka.serviceregistry.EurekaServiceRegistry.maybeInitializeClient(EurekaServiceRegistry.java:57) ~[spring-cloud-netflix-eureka-client-2.2.0.RELEASE.jar:2.2.0.RELEASE]
	at org.springframework.cloud.netflix.eureka.serviceregistry.EurekaServiceRegistry.register(EurekaServiceRegistry.java:38) ~[spring-cloud-netflix-eureka-client-2.2.0.RELEASE.jar:2.2.0.RELEASE]
	at org.springframework.cloud.netflix.eureka.serviceregistry.EurekaAutoServiceRegistration.start(EurekaAutoServiceRegistration.java:83) ~[spring-cloud-netflix-eureka-client-2.2.0.RELEASE.jar:2.2.0.RELEASE]
	at org.springframework.context.support.DefaultLifecycleProcessor.doStart(DefaultLifecycleProcessor.java:182) ~[spring-context-5.2.2.RELEASE.jar:5.2.2.RELEASE]
	... 12 more
2019-12-24 16:03:57,440 [main] [,] [INFO ] - No active profile set, falling back to default profiles: default
2019-12-24 16:03:57,779 [main] [,] [INFO ] - BeanFactory id=41d420af-62dd-37a7-b50b-abe962b8f96a
2019-12-24 16:03:57,833 [main] [,] [INFO ] - Bean 'org.springframework.cloud.autoconfigure.ConfigurationPropertiesRebinderAutoConfiguration' of type [org.springframework.cloud.autoconfigure.ConfigurationPropertiesRebinderAutoConfiguration] is not eligible for getting processed by all BeanPostProcessors (for example: not eligible for auto-proxying)
2019-12-24 16:03:57,963 [main] [,] [INFO ] - Tomcat initialized with port(s): 9020 (http)
2019-12-24 16:03:57,975 [main] [,] [INFO ] - Initializing ProtocolHandler ["http-nio-9020"]
2019-12-24 16:03:57,976 [main] [,] [INFO ] - Starting service [Tomcat]
2019-12-24 16:03:57,977 [main] [,] [INFO ] - Starting Servlet engine: [Apache Tomcat/9.0.29]
2019-12-24 16:03:58,063 [main] [,] [INFO ] - Initializing Spring embedded WebApplicationContext
2019-12-24 16:03:58,063 [main] [,] [INFO ] - Root WebApplicationContext: initialization completed in 613 ms
2019-12-24 16:03:58,181 [main] [,] [INFO ] - Initializing ExecutorService 'applicationTaskExecutor'
2019-12-24 16:03:59,458 [main] [,] [WARN ] - You already have RibbonLoadBalancerClient on your classpath. It will be used by default. As Spring Cloud Ribbon is in maintenance mode. We recommend switching to BlockingLoadBalancerClient instead. In order to use it, set the value of `spring.cloud.loadbalancer.ribbon.enabled` to `false` or remove spring-cloud-starter-netflix-ribbon from your project.
2019-12-24 16:03:59,482 [main] [,] [WARN ] - Spring Cloud LoadBalancer is currently working with default default cache. You can switch to using Caffeine cache, by adding it to the classpath.
2019-12-24 16:03:59,523 [main] [,] [INFO ] - Setting initial instance status as: STARTING
2019-12-24 16:04:00,194 [main] [,] [INFO ] - Registering application LIBRARY-CORE with eureka with status UP
2019-12-24 16:04:00,204 [main] [,] [INFO ] - Starting ProtocolHandler ["http-nio-9020"]
2019-12-24 16:04:00,221 [main] [,] [INFO ] - Tomcat started on port(s): 9020 (http) with context path ''
2019-12-24 16:04:00,222 [main] [,] [INFO ] - Updating port to 9020
2019-12-24 16:04:00,587 [main] [,] [INFO ] - Started LibraryCoreApplication in 4.369 seconds (JVM running for 5.615)
2019-12-24 16:04:51,226 [http-nio-9020-exec-1] [,] [INFO ] - Initializing Spring DispatcherServlet 'dispatcherServlet'
2019-12-24 16:04:51,226 [http-nio-9020-exec-1] [,] [INFO ] - Initializing Servlet 'dispatcherServlet'
2019-12-24 16:04:51,232 [http-nio-9020-exec-1] [,] [INFO ] - Completed initialization in 6 ms
2019-12-24 16:04:51,244 [http-nio-9020-exec-1] [,] [INFO ] - 
